<?xml version="1.0" encoding="UTF-8"?>
<robot generator="Robot 3.2.1 (Python 3.9.4 on win32)" generated="20210415 02:39:17.259" rpa="false">
<suite id="s1" name="RobotTest" source="F:\RobotFramework\RobotProject\RobotTest">
<suite id="s1-s1" name="SevronTechTest" source="F:\RobotFramework\RobotProject\RobotTest\SevronTechTest">
<suite id="s1-s1-s1" name="IncidentHazardPage" source="F:\RobotFramework\RobotProject\RobotTest\SevronTechTest\IncidentHazardPage">
<suite id="s1-s1-s1-s1" name="IncidentPageTests" source="F:\RobotFramework\RobotProject\RobotTest\SevronTechTest\IncidentHazardPage\IncidentPageTests.robot">
<test id="s1-s1-s1-s1-t1" name="Incident Hazard Page All Parameters are Populated">
<kw name="User Successfully Login" library="Keywords">
<kw name="Open Browser" library="SeleniumLibrary">
<doc>Opens a new browser instance to the optional ``url``.</doc>
<arguments>
<arg>${URL}</arg>
<arg>${chromeBrowser}</arg>
</arguments>
<msg timestamp="20210415 02:39:17.520" level="INFO">Opening browser 'chrome' to base url 'https://staging-safety365.sevron.co.uk/'.</msg>
<status status="PASS" starttime="20210415 02:39:17.520" endtime="20210415 02:39:25.337"></status>
</kw>
<kw name="Maximize Browser Window" library="SeleniumLibrary">
<doc>Maximizes current browser window.</doc>
<status status="PASS" starttime="20210415 02:39:25.338" endtime="20210415 02:39:25.451"></status>
</kw>
<kw name="Wait Until Element Is Visible" library="SeleniumLibrary">
<doc>Waits until the element ``locator`` is visible.</doc>
<arguments>
<arg>${EmailTextBox}</arg>
</arguments>
<status status="PASS" starttime="20210415 02:39:25.451" endtime="20210415 02:39:25.481"></status>
</kw>
<kw name="Input Text" library="SeleniumLibrary">
<doc>Types the given ``text`` into the text field identified by ``locator``.</doc>
<arguments>
<arg>${EmailTextBox}</arg>
<arg>${email}</arg>
</arguments>
<msg timestamp="20210415 02:39:25.482" level="INFO">Typing text 'lee.christian01@gmail.com' into text field 'name=email'.</msg>
<status status="PASS" starttime="20210415 02:39:25.481" endtime="20210415 02:39:25.674"></status>
</kw>
<kw name="Wait Until Element Is Visible" library="SeleniumLibrary">
<doc>Waits until the element ``locator`` is visible.</doc>
<arguments>
<arg>${PasswordTextBox}</arg>
</arguments>
<status status="PASS" starttime="20210415 02:39:25.675" endtime="20210415 02:39:25.699"></status>
</kw>
<kw name="Input Text" library="SeleniumLibrary">
<doc>Types the given ``text`` into the text field identified by ``locator``.</doc>
<arguments>
<arg>${PasswordTextBox}</arg>
<arg>${password}</arg>
</arguments>
<msg timestamp="20210415 02:39:25.700" level="INFO">Typing text 'Password123' into text field 'name=password'.</msg>
<status status="PASS" starttime="20210415 02:39:25.699" endtime="20210415 02:39:25.785"></status>
</kw>
<kw name="Click Button" library="SeleniumLibrary">
<doc>Clicks the button identified by ``locator``.</doc>
<arguments>
<arg>${LoginButton}</arg>
</arguments>
<msg timestamp="20210415 02:39:25.786" level="INFO">Clicking button '//*[@class='btn green']'.</msg>
<status status="PASS" starttime="20210415 02:39:25.786" endtime="20210415 02:39:41.189"></status>
</kw>
<kw name="Run Keyword And Return Status" library="BuiltIn">
<doc>Runs the given keyword with given arguments and returns the status as a Boolean value.</doc>
<arguments>
<arg>Element Should Be Visible</arg>
<arg>${ModalDeviceNotification}</arg>
</arguments>
<assign>
<var>${present}</var>
</assign>
<kw name="Element Should Be Visible" library="SeleniumLibrary">
<doc>Verifies that the element identified by ``locator`` is visible.</doc>
<arguments>
<arg>${ModalDeviceNotification}</arg>
</arguments>
<kw name="Capture Page Screenshot" library="SeleniumLibrary">
<doc>Takes a screenshot of the current page and embeds it into a log file.</doc>
<msg timestamp="20210415 02:39:42.073" level="INFO" html="yes">&lt;/td&gt;&lt;/tr&gt;&lt;tr&gt;&lt;td colspan="3"&gt;&lt;a href="selenium-screenshot-3.png"&gt;&lt;img src="selenium-screenshot-3.png" width="800px"&gt;&lt;/a&gt;</msg>
<status status="PASS" starttime="20210415 02:39:41.728" endtime="20210415 02:39:42.073"></status>
</kw>
<msg timestamp="20210415 02:39:42.076" level="FAIL">The element '//*[@id="modalDeviceNotification"]/div/div/div[1]/button' should be visible, but it is not.</msg>
<status status="FAIL" starttime="20210415 02:39:41.190" endtime="20210415 02:39:42.077"></status>
</kw>
<msg timestamp="20210415 02:39:42.077" level="INFO">${present} = False</msg>
<status status="PASS" starttime="20210415 02:39:41.189" endtime="20210415 02:39:42.078"></status>
</kw>
<kw name="Run Keyword If" library="BuiltIn">
<doc>Runs the given keyword with the given arguments, if ``condition`` is true.</doc>
<arguments>
<arg>${present}</arg>
<arg>Handle New User Modals</arg>
<arg>ELSE</arg>
<arg>Log</arg>
<arg>User Successfully Logged In</arg>
</arguments>
<kw name="Log" library="BuiltIn">
<doc>Logs the given message with the given level.</doc>
<arguments>
<arg>User Successfully Logged In</arg>
</arguments>
<msg timestamp="20210415 02:39:42.079" level="INFO">User Successfully Logged In</msg>
<status status="PASS" starttime="20210415 02:39:42.078" endtime="20210415 02:39:42.079"></status>
</kw>
<status status="PASS" starttime="20210415 02:39:42.078" endtime="20210415 02:39:42.079"></status>
</kw>
<status status="PASS" starttime="20210415 02:39:17.519" endtime="20210415 02:39:42.079"></status>
</kw>
<kw name="User Navigates to Incidents Page" library="IncidentPageKeywords">
<kw name="Go To" library="SeleniumLibrary">
<doc>Navigates the current browser window to the provided ``url``.</doc>
<arguments>
<arg>${IncidentsURL}</arg>
</arguments>
<msg timestamp="20210415 02:39:42.080" level="INFO">Opening url 'https://staging-safety365.sevron.co.uk/incidents/hazard'</msg>
<status status="PASS" starttime="20210415 02:39:42.080" endtime="20210415 02:39:46.677"></status>
</kw>
<kw name="Page Should Contain Element" library="SeleniumLibrary">
<doc>Verifies that element ``locator`` is found on the current page.</doc>
<arguments>
<arg>${HazardBreadcrumb}</arg>
</arguments>
<msg timestamp="20210415 02:39:46.755" level="INFO">Current page contains element '//span[contains(@class, 'breadCrumbTitle') and text()= 'Hazard']'.</msg>
<status status="PASS" starttime="20210415 02:39:46.677" endtime="20210415 02:39:46.756"></status>
</kw>
<kw name="Page Should Contain Element" library="SeleniumLibrary">
<doc>Verifies that element ``locator`` is found on the current page.</doc>
<arguments>
<arg>${HazardLabelHeader}</arg>
</arguments>
<msg timestamp="20210415 02:39:46.796" level="INFO">Current page contains element '//h1[contains(text(), 'Hazard')]'.</msg>
<status status="PASS" starttime="20210415 02:39:46.756" endtime="20210415 02:39:46.796"></status>
</kw>
<kw name="Page Should Contain Element" library="SeleniumLibrary">
<doc>Verifies that element ``locator`` is found on the current page.</doc>
<arguments>
<arg>${HazardLabelHeader2}</arg>
</arguments>
<msg timestamp="20210415 02:39:46.812" level="INFO">Current page contains element '//h3[contains(text(), 'A situation that poses a level of threat to life, health, property, or environment')]'.</msg>
<status status="PASS" starttime="20210415 02:39:46.797" endtime="20210415 02:39:46.812"></status>
</kw>
<kw name="Page Should Contain Element" library="SeleniumLibrary">
<doc>Verifies that element ``locator`` is found on the current page.</doc>
<arguments>
<arg>${IncidentDetailsTab}</arg>
</arguments>
<msg timestamp="20210415 02:39:46.826" level="INFO">Current page contains element '//a[contains(@href,'#incidentDetails') and contains(text(), 'Incident Details')]'.</msg>
<status status="PASS" starttime="20210415 02:39:46.813" endtime="20210415 02:39:46.827"></status>
</kw>
<kw name="Page Should Contain Element" library="SeleniumLibrary">
<doc>Verifies that element ``locator`` is found on the current page.</doc>
<arguments>
<arg>${BusinessUnitLabel}</arg>
</arguments>
<msg timestamp="20210415 02:39:46.842" level="INFO">Current page contains element '//label[contains(text(), 'Business Unit')]'.</msg>
<status status="PASS" starttime="20210415 02:39:46.827" endtime="20210415 02:39:46.842"></status>
</kw>
<kw name="Page Should Contain Element" library="SeleniumLibrary">
<doc>Verifies that element ``locator`` is found on the current page.</doc>
<arguments>
<arg>${BusinessUnitSelector}</arg>
</arguments>
<msg timestamp="20210415 02:39:46.857" level="INFO">Current page contains element '//*[@id="BUSelect"]'.</msg>
<status status="PASS" starttime="20210415 02:39:46.843" endtime="20210415 02:39:46.857"></status>
</kw>
<kw name="Page Should Contain Element" library="SeleniumLibrary">
<doc>Verifies that element ``locator`` is found on the current page.</doc>
<arguments>
<arg>${LocationLabel}</arg>
</arguments>
<msg timestamp="20210415 02:39:46.869" level="INFO">Current page contains element '//label[contains(text(), 'Location')]'.</msg>
<status status="PASS" starttime="20210415 02:39:46.857" endtime="20210415 02:39:46.869"></status>
</kw>
<kw name="Page Should Contain Button" library="SeleniumLibrary">
<doc>Verifies button ``locator`` is found from current page.</doc>
<arguments>
<arg>${LocationSelectButton}</arg>
</arguments>
<msg timestamp="20210415 02:39:46.996" level="INFO">Current page contains button '//*[@id="BUSelectLocation"]'.</msg>
<status status="PASS" starttime="20210415 02:39:46.869" endtime="20210415 02:39:46.996"></status>
</kw>
<kw name="Page Should Contain Element" library="SeleniumLibrary">
<doc>Verifies that element ``locator`` is found on the current page.</doc>
<arguments>
<arg>${LocationDropdown}</arg>
</arguments>
<msg timestamp="20210415 02:39:47.010" level="INFO">Current page contains element '//*[@id="LocationID"]'.</msg>
<status status="PASS" starttime="20210415 02:39:46.996" endtime="20210415 02:39:47.011"></status>
</kw>
<kw name="Page Should Contain Element" library="SeleniumLibrary">
<doc>Verifies that element ``locator`` is found on the current page.</doc>
<arguments>
<arg>${HazardDateLabel}</arg>
</arguments>
<msg timestamp="20210415 02:39:47.025" level="INFO">Current page contains element '//label[contains(text(), 'Hazard Date')]'.</msg>
<status status="PASS" starttime="20210415 02:39:47.011" endtime="20210415 02:39:47.026"></status>
</kw>
<kw name="Page Should Contain Element" library="SeleniumLibrary">
<doc>Verifies that element ``locator`` is found on the current page.</doc>
<arguments>
<arg>${HazardDateSelector}</arg>
</arguments>
<msg timestamp="20210415 02:39:47.040" level="INFO">Current page contains element '//*[@id="ReportedDate"]'.</msg>
<status status="PASS" starttime="20210415 02:39:47.026" endtime="20210415 02:39:47.041"></status>
</kw>
<kw name="Page Should Contain Element" library="SeleniumLibrary">
<doc>Verifies that element ``locator`` is found on the current page.</doc>
<arguments>
<arg>${DescribeWhereHazardLabel}</arg>
</arguments>
<msg timestamp="20210415 02:39:47.055" level="INFO">Current page contains element '//label[contains(text(), 'Describe where the hazard is')]'.</msg>
<status status="PASS" starttime="20210415 02:39:47.042" endtime="20210415 02:39:47.055"></status>
</kw>
<kw name="Page Should Contain Element" library="SeleniumLibrary">
<doc>Verifies that element ``locator`` is found on the current page.</doc>
<arguments>
<arg>${DescribeWhereHazardTextBox}</arg>
</arguments>
<msg timestamp="20210415 02:39:47.078" level="INFO">Current page contains element '//*[@id="LocationDescription"]'.</msg>
<status status="PASS" starttime="20210415 02:39:47.055" endtime="20210415 02:39:47.078"></status>
</kw>
<kw name="Page Should Contain Element" library="SeleniumLibrary">
<doc>Verifies that element ``locator`` is found on the current page.</doc>
<arguments>
<arg>${DescribeHazardLabel}</arg>
</arguments>
<msg timestamp="20210415 02:39:47.105" level="INFO">Current page contains element '//label[contains(text(), 'Describe the hazard')]'.</msg>
<status status="PASS" starttime="20210415 02:39:47.079" endtime="20210415 02:39:47.105"></status>
</kw>
<kw name="Page Should Contain Element" library="SeleniumLibrary">
<doc>Verifies that element ``locator`` is found on the current page.</doc>
<arguments>
<arg>${DescribeHazardTextBox}</arg>
</arguments>
<msg timestamp="20210415 02:39:47.122" level="INFO">Current page contains element '//*[@id="Description"]'.</msg>
<status status="PASS" starttime="20210415 02:39:47.105" endtime="20210415 02:39:47.123"></status>
</kw>
<kw name="Page Should Contain Element" library="SeleniumLibrary">
<doc>Verifies that element ``locator`` is found on the current page.</doc>
<arguments>
<arg>${SuggestedSolutionLabel}</arg>
</arguments>
<msg timestamp="20210415 02:39:47.137" level="INFO">Current page contains element '//label[contains(text(), 'Suggested solutions')]'.</msg>
<status status="PASS" starttime="20210415 02:39:47.123" endtime="20210415 02:39:47.137"></status>
</kw>
<kw name="Page Should Contain Element" library="SeleniumLibrary">
<doc>Verifies that element ``locator`` is found on the current page.</doc>
<arguments>
<arg>${SuggestedSolutionTextBox}</arg>
</arguments>
<msg timestamp="20210415 02:39:47.153" level="INFO">Current page contains element '//*[@id="Suggest"]'.</msg>
<status status="PASS" starttime="20210415 02:39:47.138" endtime="20210415 02:39:47.153"></status>
</kw>
<kw name="Page Should Contain Element" library="SeleniumLibrary">
<doc>Verifies that element ``locator`` is found on the current page.</doc>
<arguments>
<arg>${WhoReportedHazardLabel}</arg>
</arguments>
<msg timestamp="20210415 02:39:47.165" level="INFO">Current page contains element '//label[contains(text(), 'Who reported the Hazard?')]'.</msg>
<status status="PASS" starttime="20210415 02:39:47.153" endtime="20210415 02:39:47.166"></status>
</kw>
<kw name="Page Should Contain Element" library="SeleniumLibrary">
<doc>Verifies that element ``locator`` is found on the current page.</doc>
<arguments>
<arg>${WhoReportedHazardTextBox}</arg>
</arguments>
<msg timestamp="20210415 02:39:47.182" level="INFO">Current page contains element '//*[@id="ReportedBy"]'.</msg>
<status status="PASS" starttime="20210415 02:39:47.166" endtime="20210415 02:39:47.183"></status>
</kw>
<kw name="Page Should Contain Element" library="SeleniumLibrary">
<doc>Verifies that element ``locator`` is found on the current page.</doc>
<arguments>
<arg>${LineManagerNameLabel}</arg>
</arguments>
<msg timestamp="20210415 02:39:47.195" level="INFO">Current page contains element '//label[contains(text(), "Line Manager's Name")]'.</msg>
<status status="PASS" starttime="20210415 02:39:47.183" endtime="20210415 02:39:47.195"></status>
</kw>
<kw name="Page Should Contain Element" library="SeleniumLibrary">
<doc>Verifies that element ``locator`` is found on the current page.</doc>
<arguments>
<arg>${LineManagerNameTextBox}</arg>
</arguments>
<msg timestamp="20210415 02:39:47.213" level="INFO">Current page contains element '//*[@id="ManagerName"]'.</msg>
<status status="PASS" starttime="20210415 02:39:47.195" endtime="20210415 02:39:47.213"></status>
</kw>
<kw name="Page Should Contain Element" library="SeleniumLibrary">
<doc>Verifies that element ``locator`` is found on the current page.</doc>
<arguments>
<arg>${LineManagerEmailLabel}</arg>
</arguments>
<msg timestamp="20210415 02:39:47.230" level="INFO">Current page contains element '//label[contains(text(), "Line Manager's Email")]'.</msg>
<status status="PASS" starttime="20210415 02:39:47.214" endtime="20210415 02:39:47.230"></status>
</kw>
<kw name="Page Should Contain Element" library="SeleniumLibrary">
<doc>Verifies that element ``locator`` is found on the current page.</doc>
<arguments>
<arg>${LineManagerEmailTextBox}</arg>
</arguments>
<msg timestamp="20210415 02:39:47.247" level="INFO">Current page contains element '//*[@id="ManagerEmail"]'.</msg>
<status status="PASS" starttime="20210415 02:39:47.230" endtime="20210415 02:39:47.248"></status>
</kw>
<kw name="Page Should Contain Button" library="SeleniumLibrary">
<doc>Verifies button ``locator`` is found from current page.</doc>
<arguments>
<arg>${SaveAndNextButton}</arg>
</arguments>
<msg timestamp="20210415 02:39:47.398" level="INFO">Current page contains button '//*[@id="initialandExit"]'.</msg>
<status status="PASS" starttime="20210415 02:39:47.248" endtime="20210415 02:39:47.398"></status>
</kw>
<status status="PASS" starttime="20210415 02:39:42.079" endtime="20210415 02:39:47.398"></status>
</kw>
<kw name="Verify Business Unit" library="IncidentPageKeywords">
<kw name="Get Text" library="SeleniumLibrary">
<doc>Returns the text value of the element identified by ``locator``.</doc>
<arguments>
<arg>${BusinessUnitContent}</arg>
</arguments>
<assign>
<var>${value}</var>
</assign>
<msg timestamp="20210415 02:39:47.426" level="INFO">${value} = CompanyZ</msg>
<status status="PASS" starttime="20210415 02:39:47.398" endtime="20210415 02:39:47.426"></status>
</kw>
<kw name="Should Be Equal" library="BuiltIn">
<doc>Fails if the given objects are unequal.</doc>
<arguments>
<arg>${value}</arg>
<arg>${Company}</arg>
</arguments>
<status status="PASS" starttime="20210415 02:39:47.426" endtime="20210415 02:39:47.426"></status>
</kw>
<status status="PASS" starttime="20210415 02:39:47.398" endtime="20210415 02:39:47.427"></status>
</kw>
<kw name="Fill In Location" library="IncidentPageKeywords">
<kw name="Get Value" library="SeleniumLibrary">
<doc>Returns the value attribute of the element identified by ``locator``.</doc>
<arguments>
<arg>${BusinessUnitContent}</arg>
</arguments>
<assign>
<var>${companyId}</var>
</assign>
<msg timestamp="20210415 02:39:47.447" level="INFO">${companyId} = 325195</msg>
<status status="PASS" starttime="20210415 02:39:47.427" endtime="20210415 02:39:47.447"></status>
</kw>
<kw name="Click Element" library="SeleniumLibrary">
<doc>Click the element identified by ``locator``.</doc>
<arguments>
<arg>${LocationSelectButton}</arg>
</arguments>
<msg timestamp="20210415 02:39:47.448" level="INFO">Clicking element '//*[@id="BUSelectLocation"]'.</msg>
<status status="PASS" starttime="20210415 02:39:47.448" endtime="20210415 02:39:47.588"></status>
</kw>
<kw name="Page Should Contain Element" library="SeleniumLibrary">
<doc>Verifies that element ``locator`` is found on the current page.</doc>
<arguments>
<arg>${LocationTreeModalLabel}</arg>
</arguments>
<msg timestamp="20210415 02:39:47.614" level="INFO">Current page contains element '//*[contains(text(),'Location Tree')]'.</msg>
<status status="PASS" starttime="20210415 02:39:47.588" endtime="20210415 02:39:47.614"></status>
</kw>
<kw name="Sleep" library="BuiltIn">
<doc>Pauses the test executed for the given time.</doc>
<arguments>
<arg>3s</arg>
</arguments>
<msg timestamp="20210415 02:39:50.616" level="INFO">Slept 3 seconds</msg>
<status status="PASS" starttime="20210415 02:39:47.614" endtime="20210415 02:39:50.616"></status>
</kw>
<kw name="Click Button" library="SeleniumLibrary">
<doc>Clicks the button identified by ``locator``.</doc>
<arguments>
<arg>${LocationTreeModalCloseButton}</arg>
</arguments>
<msg timestamp="20210415 02:39:50.617" level="INFO">Clicking button '//*[@id="LocationTreeModal"]/div/div/div[1]/button'.</msg>
<status status="PASS" starttime="20210415 02:39:50.616" endtime="20210415 02:39:50.698"></status>
</kw>
<status status="PASS" starttime="20210415 02:39:47.427" endtime="20210415 02:39:50.698"></status>
</kw>
<kw name="Fill Hazard Date Picker" library="IncidentPageKeywords">
<kw name="Click Element" library="SeleniumLibrary">
<doc>Click the element identified by ``locator``.</doc>
<arguments>
<arg>${HazardDateSelector}</arg>
</arguments>
<msg timestamp="20210415 02:39:50.699" level="INFO">Clicking element '//*[@id="ReportedDate"]'.</msg>
<status status="PASS" starttime="20210415 02:39:50.699" endtime="20210415 02:39:51.078"></status>
</kw>
<kw name="Select From List By Label" library="SeleniumLibrary">
<doc>Selects options from selection list ``locator`` by ``labels``.</doc>
<arguments>
<arg>${DatePickerYearSelector}</arg>
<arg>${Year}</arg>
</arguments>
<msg timestamp="20210415 02:39:51.079" level="INFO">Selecting options from selection list '//div[@class='calendar left single']//select[@class='yearselect']' by label 2020.</msg>
<status status="PASS" starttime="20210415 02:39:51.079" endtime="20210415 02:39:51.179"></status>
</kw>
<kw name="Select From List By Label" library="SeleniumLibrary">
<doc>Selects options from selection list ``locator`` by ``labels``.</doc>
<arguments>
<arg>${DatePickerMonthSelector}</arg>
<arg>${Month}</arg>
</arguments>
<msg timestamp="20210415 02:39:51.179" level="INFO">Selecting options from selection list '//div[@class='calendar left single']//select[@class='monthselect']' by label Mar.</msg>
<status status="PASS" starttime="20210415 02:39:51.179" endtime="20210415 02:39:51.298"></status>
</kw>
<kw name="Click Element" library="SeleniumLibrary">
<doc>Click the element identified by ``locator``.</doc>
<arguments>
<arg>${DatePickerDay}</arg>
</arguments>
<msg timestamp="20210415 02:39:51.298" level="INFO">Clicking element '//div[@class='calendar left single']//table/tbody/tr/td[@class='weekend off available']'.</msg>
<status status="PASS" starttime="20210415 02:39:51.298" endtime="20210415 02:39:51.408"></status>
</kw>
<kw name="Page Should Contain Element" library="SeleniumLibrary">
<doc>Verifies that element ``locator`` is found on the current page.</doc>
<arguments>
<arg>${HazardDateCheckTooltip}</arg>
</arguments>
<msg timestamp="20210415 02:39:51.467" level="INFO">Current page contains element '//*[@id="hazardInitialForm"]/div[3]/div/div/div/i'.</msg>
<status status="PASS" starttime="20210415 02:39:51.409" endtime="20210415 02:39:51.467"></status>
</kw>
<status status="PASS" starttime="20210415 02:39:50.699" endtime="20210415 02:39:51.467"></status>
</kw>
<kw name="Fill In Text for Describe where the hazard is TextBox" library="IncidentPageKeywords">
<kw name="Mouse Over" library="SeleniumLibrary">
<doc>Simulates hovering the mouse over the element ``locator``.</doc>
<arguments>
<arg>${DescribeWhereHazardTextBox}</arg>
</arguments>
<msg timestamp="20210415 02:39:51.469" level="INFO">Simulating Mouse Over on element '//*[@id="LocationDescription"]'.</msg>
<status status="PASS" starttime="20210415 02:39:51.468" endtime="20210415 02:39:51.761"></status>
</kw>
<kw name="Get Element Attribute" library="SeleniumLibrary">
<doc>Returns the value of ``attribute`` from the element ``locator``.</doc>
<arguments>
<arg>${DescribeWhereHazardTextBox}</arg>
<arg>aria-describedby</arg>
</arguments>
<assign>
<var>${id}</var>
</assign>
<msg timestamp="20210415 02:39:51.782" level="INFO">${id} = popover563621</msg>
<status status="PASS" starttime="20210415 02:39:51.761" endtime="20210415 02:39:51.783"></status>
</kw>
<kw name="Page Should Contain Element" library="SeleniumLibrary">
<doc>Verifies that element ``locator`` is found on the current page.</doc>
<arguments>
<arg>//*[@id="${id}"]/h3</arg>
</arguments>
<msg timestamp="20210415 02:39:51.798" level="INFO">Current page contains element '//*[@id="popover563621"]/h3'.</msg>
<status status="PASS" starttime="20210415 02:39:51.783" endtime="20210415 02:39:51.798"></status>
</kw>
<kw name="Get Text" library="SeleniumLibrary">
<doc>Returns the text value of the element identified by ``locator``.</doc>
<arguments>
<arg>//*[@id="${id}"]/h3</arg>
</arguments>
<assign>
<var>${title}</var>
</assign>
<msg timestamp="20210415 02:39:51.829" level="INFO">${title} = Please describe where you found the hazard, e.g. In the main entrance area</msg>
<status status="PASS" starttime="20210415 02:39:51.799" endtime="20210415 02:39:51.829"></status>
</kw>
<kw name="Should Be Equal" library="BuiltIn">
<doc>Fails if the given objects are unequal.</doc>
<arguments>
<arg>${title}</arg>
<arg>${DescribeWhereTooltipMessage}</arg>
</arguments>
<status status="PASS" starttime="20210415 02:39:51.830" endtime="20210415 02:39:51.830"></status>
</kw>
<kw name="Input Text" library="SeleniumLibrary">
<doc>Types the given ``text`` into the text field identified by ``locator``.</doc>
<arguments>
<arg>${DescribeWhereHazardTextBox}</arg>
<arg>${text}</arg>
</arguments>
<msg timestamp="20210415 02:39:51.831" level="INFO">Typing text '!@#!@$!1123Lorem ipsum dolor sit amet, consectetur adipiscing elit, sed do eiusmod tempor incididunt ut labore et dolore magna aliqua. Ut enim ad minim veniam, quis nostrud exercitation ullamco laboris nisi ut aliquip ex ea commodo consequat. Duis aute irure dolor in reprehenderit in voluptate velit esse cillum dolore eu fugiat nulla pariatur. Excepteur sint occaecat cupidatat non proident, sunt in culpa qui officia deserunt mollit anim id est laborum.' into text field '//*[@id="LocationDescription"]'.</msg>
<status status="PASS" starttime="20210415 02:39:51.830" endtime="20210415 02:39:52.544"></status>
</kw>
<kw name="Page Should Contain Element" library="SeleniumLibrary">
<doc>Verifies that element ``locator`` is found on the current page.</doc>
<arguments>
<arg>${DescribeWhereHazardCheckTooltip}</arg>
</arguments>
<msg timestamp="20210415 02:39:52.559" level="INFO">Current page contains element '//*[@id="hazardInitialForm"]/div[4]/div/i'.</msg>
<status status="PASS" starttime="20210415 02:39:52.544" endtime="20210415 02:39:52.559"></status>
</kw>
<status status="PASS" starttime="20210415 02:39:51.468" endtime="20210415 02:39:52.560"></status>
</kw>
<kw name="Fill In Text for Describe the hazard Textbox" library="IncidentPageKeywords">
<kw name="Mouse Over" library="SeleniumLibrary">
<doc>Simulates hovering the mouse over the element ``locator``.</doc>
<arguments>
<arg>${DescribeHazardTextBox}</arg>
</arguments>
<msg timestamp="20210415 02:39:52.561" level="INFO">Simulating Mouse Over on element '//*[@id="Description"]'.</msg>
<status status="PASS" starttime="20210415 02:39:52.561" endtime="20210415 02:39:52.836"></status>
</kw>
<kw name="Get Element Attribute" library="SeleniumLibrary">
<doc>Returns the value of ``attribute`` from the element ``locator``.</doc>
<arguments>
<arg>${DescribeHazardTextBox}</arg>
<arg>aria-describedby</arg>
</arguments>
<assign>
<var>${id}</var>
</assign>
<msg timestamp="20210415 02:39:52.850" level="INFO">${id} = popover352123</msg>
<status status="PASS" starttime="20210415 02:39:52.836" endtime="20210415 02:39:52.850"></status>
</kw>
<kw name="Page Should Contain Element" library="SeleniumLibrary">
<doc>Verifies that element ``locator`` is found on the current page.</doc>
<arguments>
<arg>//*[@id="${id}"]/h3</arg>
</arguments>
<msg timestamp="20210415 02:39:52.864" level="INFO">Current page contains element '//*[@id="popover352123"]/h3'.</msg>
<status status="PASS" starttime="20210415 02:39:52.850" endtime="20210415 02:39:52.864"></status>
</kw>
<kw name="Get Text" library="SeleniumLibrary">
<doc>Returns the text value of the element identified by ``locator``.</doc>
<arguments>
<arg>//*[@id="${id}"]/h3</arg>
</arguments>
<assign>
<var>${title}</var>
</assign>
<msg timestamp="20210415 02:39:52.885" level="INFO">${title} = Please describe what the hazard is, e.g. Floor in entrance area is very slippy when it rains</msg>
<status status="PASS" starttime="20210415 02:39:52.864" endtime="20210415 02:39:52.885"></status>
</kw>
<kw name="Should Be Equal" library="BuiltIn">
<doc>Fails if the given objects are unequal.</doc>
<arguments>
<arg>${title}</arg>
<arg>${DescribeHazardTooltipMessage}</arg>
</arguments>
<status status="PASS" starttime="20210415 02:39:52.885" endtime="20210415 02:39:52.886"></status>
</kw>
<kw name="Input Text" library="SeleniumLibrary">
<doc>Types the given ``text`` into the text field identified by ``locator``.</doc>
<arguments>
<arg>${DescribeHazardTextBox}</arg>
<arg>${text}</arg>
</arguments>
<msg timestamp="20210415 02:39:52.886" level="INFO">Typing text '!@#!@$!1123Lorem ipsum dolor sit amet, consectetur adipiscing elit, sed do eiusmod tempor incididunt ut labore et dolore magna aliqua. Ut enim ad minim veniam, quis nostrud exercitation ullamco laboris nisi ut aliquip ex ea commodo consequat. Duis aute irure dolor in reprehenderit in voluptate velit esse cillum dolore eu fugiat nulla pariatur. Excepteur sint occaecat cupidatat non proident, sunt in culpa qui officia deserunt mollit anim id est laborum.' into text field '//*[@id="Description"]'.</msg>
<status status="PASS" starttime="20210415 02:39:52.886" endtime="20210415 02:39:53.627"></status>
</kw>
<kw name="Page Should Contain Element" library="SeleniumLibrary">
<doc>Verifies that element ``locator`` is found on the current page.</doc>
<arguments>
<arg>${DescribeHazardCheckTooltip}</arg>
</arguments>
<msg timestamp="20210415 02:39:53.645" level="INFO">Current page contains element '//*[@id="hazardInitialForm"]/div[5]/div/i'.</msg>
<status status="PASS" starttime="20210415 02:39:53.627" endtime="20210415 02:39:53.645"></status>
</kw>
<status status="PASS" starttime="20210415 02:39:52.560" endtime="20210415 02:39:53.645"></status>
</kw>
<kw name="Fill In Text for Suggested Solutions Textbox" library="IncidentPageKeywords">
<kw name="Mouse Over" library="SeleniumLibrary">
<doc>Simulates hovering the mouse over the element ``locator``.</doc>
<arguments>
<arg>${SuggestedSolutionTextBox}</arg>
</arguments>
<msg timestamp="20210415 02:39:53.646" level="INFO">Simulating Mouse Over on element '//*[@id="Suggest"]'.</msg>
<status status="PASS" starttime="20210415 02:39:53.646" endtime="20210415 02:39:53.919"></status>
</kw>
<kw name="Get Element Attribute" library="SeleniumLibrary">
<doc>Returns the value of ``attribute`` from the element ``locator``.</doc>
<arguments>
<arg>${SuggestedSolutionTextBox}</arg>
<arg>aria-describedby</arg>
</arguments>
<assign>
<var>${id}</var>
</assign>
<msg timestamp="20210415 02:39:53.942" level="INFO">${id} = popover811483</msg>
<status status="PASS" starttime="20210415 02:39:53.920" endtime="20210415 02:39:53.942"></status>
</kw>
<kw name="Page Should Contain Element" library="SeleniumLibrary">
<doc>Verifies that element ``locator`` is found on the current page.</doc>
<arguments>
<arg>//*[@id="${id}"]/h3</arg>
</arguments>
<msg timestamp="20210415 02:39:53.957" level="INFO">Current page contains element '//*[@id="popover811483"]/h3'.</msg>
<status status="PASS" starttime="20210415 02:39:53.942" endtime="20210415 02:39:53.957"></status>
</kw>
<kw name="Get Text" library="SeleniumLibrary">
<doc>Returns the text value of the element identified by ``locator``.</doc>
<arguments>
<arg>//*[@id="${id}"]/h3</arg>
</arguments>
<assign>
<var>${title}</var>
</assign>
<msg timestamp="20210415 02:39:53.983" level="INFO">${title} = Please suggest what you think can be done to remove the hazard, e.g. Place a floor mat at the entrance</msg>
<status status="PASS" starttime="20210415 02:39:53.958" endtime="20210415 02:39:53.983"></status>
</kw>
<kw name="Should Be Equal" library="BuiltIn">
<doc>Fails if the given objects are unequal.</doc>
<arguments>
<arg>${title}</arg>
<arg>${SuggestedSolutionTooltipMessage}</arg>
</arguments>
<status status="PASS" starttime="20210415 02:39:53.983" endtime="20210415 02:39:53.984"></status>
</kw>
<kw name="Input Text" library="SeleniumLibrary">
<doc>Types the given ``text`` into the text field identified by ``locator``.</doc>
<arguments>
<arg>${SuggestedSolutionTextBox}</arg>
<arg>${text}</arg>
</arguments>
<msg timestamp="20210415 02:39:53.984" level="INFO">Typing text '!@#!@$!1123Lorem ipsum dolor sit amet, consectetur adipiscing elit, sed do eiusmod tempor incididunt ut labore et dolore magna aliqua. Ut enim ad minim veniam, quis nostrud exercitation ullamco laboris nisi ut aliquip ex ea commodo consequat. Duis aute irure dolor in reprehenderit in voluptate velit esse cillum dolore eu fugiat nulla pariatur. Excepteur sint occaecat cupidatat non proident, sunt in culpa qui officia deserunt mollit anim id est laborum.' into text field '//*[@id="Suggest"]'.</msg>
<status status="PASS" starttime="20210415 02:39:53.984" endtime="20210415 02:39:54.712"></status>
</kw>
<kw name="Page Should Contain Element" library="SeleniumLibrary">
<doc>Verifies that element ``locator`` is found on the current page.</doc>
<arguments>
<arg>${SuggestedSolutionCheckTooltip}</arg>
</arguments>
<msg timestamp="20210415 02:39:54.730" level="INFO">Current page contains element '//*[@id="hazardInitialForm"]/div[6]/div/i'.</msg>
<status status="PASS" starttime="20210415 02:39:54.712" endtime="20210415 02:39:54.731"></status>
</kw>
<status status="PASS" starttime="20210415 02:39:53.646" endtime="20210415 02:39:54.731"></status>
</kw>
<kw name="Fill In Text for Who reported the hazard Textbox" library="IncidentPageKeywords">
<kw name="Mouse Over" library="SeleniumLibrary">
<doc>Simulates hovering the mouse over the element ``locator``.</doc>
<arguments>
<arg>${WhoReportedHazardTextBox}</arg>
</arguments>
<msg timestamp="20210415 02:39:54.732" level="INFO">Simulating Mouse Over on element '//*[@id="ReportedBy"]'.</msg>
<status status="PASS" starttime="20210415 02:39:54.731" endtime="20210415 02:39:55.017"></status>
</kw>
<kw name="Get Element Attribute" library="SeleniumLibrary">
<doc>Returns the value of ``attribute`` from the element ``locator``.</doc>
<arguments>
<arg>${WhoReportedHazardTextBox}</arg>
<arg>aria-describedby</arg>
</arguments>
<assign>
<var>${id}</var>
</assign>
<msg timestamp="20210415 02:39:55.033" level="INFO">${id} = popover853864</msg>
<status status="PASS" starttime="20210415 02:39:55.017" endtime="20210415 02:39:55.033"></status>
</kw>
<kw name="Page Should Contain Element" library="SeleniumLibrary">
<doc>Verifies that element ``locator`` is found on the current page.</doc>
<arguments>
<arg>//*[@id="${id}"]/h3</arg>
</arguments>
<msg timestamp="20210415 02:39:55.045" level="INFO">Current page contains element '//*[@id="popover853864"]/h3'.</msg>
<status status="PASS" starttime="20210415 02:39:55.033" endtime="20210415 02:39:55.045"></status>
</kw>
<kw name="Get Text" library="SeleniumLibrary">
<doc>Returns the text value of the element identified by ``locator``.</doc>
<arguments>
<arg>//*[@id="${id}"]/h3</arg>
</arguments>
<assign>
<var>${title}</var>
</assign>
<msg timestamp="20210415 02:39:55.072" level="INFO">${title} = Please enter the name of the person that reported the hazard</msg>
<status status="PASS" starttime="20210415 02:39:55.045" endtime="20210415 02:39:55.072"></status>
</kw>
<kw name="Should Be Equal" library="BuiltIn">
<doc>Fails if the given objects are unequal.</doc>
<arguments>
<arg>${title}</arg>
<arg>${WhoReportedTooltipMessage}</arg>
</arguments>
<status status="PASS" starttime="20210415 02:39:55.073" endtime="20210415 02:39:55.073"></status>
</kw>
<kw name="Input Text" library="SeleniumLibrary">
<doc>Types the given ``text`` into the text field identified by ``locator``.</doc>
<arguments>
<arg>${WhoReportedHazardTextBox}</arg>
<arg>${text}</arg>
</arguments>
<msg timestamp="20210415 02:39:55.074" level="INFO">Typing text '!@#!@$!1123Lorem ipsum dolor sit amet, consectetur adipiscing elit, sed do eiusmod tempor incididunt ut labore et dolore magna aliqua. Ut enim ad minim veniam, quis nostrud exercitation ullamco laboris nisi ut aliquip ex ea commodo consequat. Duis aute irure dolor in reprehenderit in voluptate velit esse cillum dolore eu fugiat nulla pariatur. Excepteur sint occaecat cupidatat non proident, sunt in culpa qui officia deserunt mollit anim id est laborum.' into text field '//*[@id="ReportedBy"]'.</msg>
<status status="PASS" starttime="20210415 02:39:55.073" endtime="20210415 02:39:55.888"></status>
</kw>
<kw name="Page Should Contain Element" library="SeleniumLibrary">
<doc>Verifies that element ``locator`` is found on the current page.</doc>
<arguments>
<arg>${WhoReportedCheckTooltip}</arg>
</arguments>
<msg timestamp="20210415 02:39:55.912" level="INFO">Current page contains element '//*[@id="hazardInitialForm"]/div[7]/div/div/div/i'.</msg>
<status status="PASS" starttime="20210415 02:39:55.889" endtime="20210415 02:39:55.912"></status>
</kw>
<status status="PASS" starttime="20210415 02:39:54.731" endtime="20210415 02:39:55.913"></status>
</kw>
<kw name="Fill In Text for Line Manager's Name Textbox" library="IncidentPageKeywords">
<kw name="Execute Javascript" library="SeleniumLibrary">
<doc>Executes the given JavaScript code with possible arguments.</doc>
<arguments>
<arg>window.scrollTo(0, 200)</arg>
</arguments>
<msg timestamp="20210415 02:39:55.914" level="INFO">Executing JavaScript:
window.scrollTo(0, 200)
Without any arguments.</msg>
<status status="PASS" starttime="20210415 02:39:55.913" endtime="20210415 02:39:55.933"></status>
</kw>
<kw name="Mouse Over" library="SeleniumLibrary">
<doc>Simulates hovering the mouse over the element ``locator``.</doc>
<arguments>
<arg>${LineManagerNameTextBox}</arg>
</arguments>
<msg timestamp="20210415 02:39:55.933" level="INFO">Simulating Mouse Over on element '//*[@id="ManagerName"]'.</msg>
<status status="PASS" starttime="20210415 02:39:55.933" endtime="20210415 02:39:56.211"></status>
</kw>
<kw name="Get Element Attribute" library="SeleniumLibrary">
<doc>Returns the value of ``attribute`` from the element ``locator``.</doc>
<arguments>
<arg>${LineManagerNameTextBox}</arg>
<arg>aria-describedby</arg>
</arguments>
<assign>
<var>${id}</var>
</assign>
<msg timestamp="20210415 02:39:56.234" level="INFO">${id} = popover336313</msg>
<status status="PASS" starttime="20210415 02:39:56.211" endtime="20210415 02:39:56.235"></status>
</kw>
<kw name="Page Should Contain Element" library="SeleniumLibrary">
<doc>Verifies that element ``locator`` is found on the current page.</doc>
<arguments>
<arg>//*[@id="${id}"]/h3</arg>
</arguments>
<msg timestamp="20210415 02:39:56.255" level="INFO">Current page contains element '//*[@id="popover336313"]/h3'.</msg>
<status status="PASS" starttime="20210415 02:39:56.235" endtime="20210415 02:39:56.255"></status>
</kw>
<kw name="Get Text" library="SeleniumLibrary">
<doc>Returns the text value of the element identified by ``locator``.</doc>
<arguments>
<arg>//*[@id="${id}"]/h3</arg>
</arguments>
<assign>
<var>${title}</var>
</assign>
<msg timestamp="20210415 02:39:56.281" level="INFO">${title} = Please enter the name of your line manager</msg>
<status status="PASS" starttime="20210415 02:39:56.255" endtime="20210415 02:39:56.281"></status>
</kw>
<kw name="Should Be Equal" library="BuiltIn">
<doc>Fails if the given objects are unequal.</doc>
<arguments>
<arg>${title}</arg>
<arg>${LineManagerNameTooltipMessage}</arg>
</arguments>
<status status="PASS" starttime="20210415 02:39:56.281" endtime="20210415 02:39:56.282"></status>
</kw>
<kw name="Input Text" library="SeleniumLibrary">
<doc>Types the given ``text`` into the text field identified by ``locator``.</doc>
<arguments>
<arg>${LineManagerNameTextBox}</arg>
<arg>${text}</arg>
</arguments>
<msg timestamp="20210415 02:39:56.282" level="INFO">Typing text '!@#!@$!1123Lorem ipsum dolor sit amet, consectetur adipiscing elit, sed do eiusmod tempor incididunt ut labore et dolore magna aliqua. Ut enim ad minim veniam, quis nostrud exercitation ullamco laboris nisi ut aliquip ex ea commodo consequat. Duis aute irure dolor in reprehenderit in voluptate velit esse cillum dolore eu fugiat nulla pariatur. Excepteur sint occaecat cupidatat non proident, sunt in culpa qui officia deserunt mollit anim id est laborum.' into text field '//*[@id="ManagerName"]'.</msg>
<status status="PASS" starttime="20210415 02:39:56.282" endtime="20210415 02:39:57.109"></status>
</kw>
<kw name="Page Should Contain Element" library="SeleniumLibrary">
<doc>Verifies that element ``locator`` is found on the current page.</doc>
<arguments>
<arg>${LineManagerNameCheckTooltip}</arg>
</arguments>
<msg timestamp="20210415 02:39:57.125" level="INFO">Current page contains element '//*[@id="hazardInitialForm"]/div[8]/div[1]/div/div/i'.</msg>
<status status="PASS" starttime="20210415 02:39:57.110" endtime="20210415 02:39:57.125"></status>
</kw>
<status status="PASS" starttime="20210415 02:39:55.913" endtime="20210415 02:39:57.125"></status>
</kw>
<kw name="Fill In Text for Line Manager's Email Textbox" library="IncidentPageKeywords">
<kw name="Execute Javascript" library="SeleniumLibrary">
<doc>Executes the given JavaScript code with possible arguments.</doc>
<arguments>
<arg>window.scrollTo(0, 200)</arg>
</arguments>
<msg timestamp="20210415 02:39:57.126" level="INFO">Executing JavaScript:
window.scrollTo(0, 200)
Without any arguments.</msg>
<status status="PASS" starttime="20210415 02:39:57.126" endtime="20210415 02:39:57.129"></status>
</kw>
<kw name="Mouse Over" library="SeleniumLibrary">
<doc>Simulates hovering the mouse over the element ``locator``.</doc>
<arguments>
<arg>${LineManagerEmailTextBox}</arg>
</arguments>
<msg timestamp="20210415 02:39:57.130" level="INFO">Simulating Mouse Over on element '//*[@id="ManagerEmail"]'.</msg>
<status status="PASS" starttime="20210415 02:39:57.129" endtime="20210415 02:39:57.405"></status>
</kw>
<kw name="Get Element Attribute" library="SeleniumLibrary">
<doc>Returns the value of ``attribute`` from the element ``locator``.</doc>
<arguments>
<arg>${LineManagerEmailTextBox}</arg>
<arg>aria-describedby</arg>
</arguments>
<assign>
<var>${id}</var>
</assign>
<msg timestamp="20210415 02:39:57.423" level="INFO">${id} = popover657018</msg>
<status status="PASS" starttime="20210415 02:39:57.406" endtime="20210415 02:39:57.423"></status>
</kw>
<kw name="Page Should Contain Element" library="SeleniumLibrary">
<doc>Verifies that element ``locator`` is found on the current page.</doc>
<arguments>
<arg>//*[@id="${id}"]/h3</arg>
</arguments>
<msg timestamp="20210415 02:39:57.443" level="INFO">Current page contains element '//*[@id="popover657018"]/h3'.</msg>
<status status="PASS" starttime="20210415 02:39:57.424" endtime="20210415 02:39:57.443"></status>
</kw>
<kw name="Get Text" library="SeleniumLibrary">
<doc>Returns the text value of the element identified by ``locator``.</doc>
<arguments>
<arg>//*[@id="${id}"]/h3</arg>
</arguments>
<assign>
<var>${title}</var>
</assign>
<msg timestamp="20210415 02:39:57.465" level="INFO">${title} = Please enter your line manager's email address</msg>
<status status="PASS" starttime="20210415 02:39:57.443" endtime="20210415 02:39:57.465"></status>
</kw>
<kw name="Should Be Equal" library="BuiltIn">
<doc>Fails if the given objects are unequal.</doc>
<arguments>
<arg>${title}</arg>
<arg>${LineManagerEmailTooltipMessage}</arg>
</arguments>
<status status="PASS" starttime="20210415 02:39:57.465" endtime="20210415 02:39:57.466"></status>
</kw>
<kw name="Input Text" library="SeleniumLibrary">
<doc>Types the given ``text`` into the text field identified by ``locator``.</doc>
<arguments>
<arg>${LineManagerEmailTextBox}</arg>
<arg>${LineManagerEmail}</arg>
</arguments>
<msg timestamp="20210415 02:39:57.467" level="INFO">Typing text 'sample@sampler.com' into text field '//*[@id="ManagerEmail"]'.</msg>
<status status="PASS" starttime="20210415 02:39:57.466" endtime="20210415 02:39:57.637"></status>
</kw>
<kw name="Page Should Contain Element" library="SeleniumLibrary">
<doc>Verifies that element ``locator`` is found on the current page.</doc>
<arguments>
<arg>${LineManagerEmailCheckTooltip}</arg>
</arguments>
<msg timestamp="20210415 02:39:57.658" level="INFO">Current page contains element '//*[@id="hazardInitialForm"]/div[8]/div[2]/div/div/i'.</msg>
<status status="PASS" starttime="20210415 02:39:57.638" endtime="20210415 02:39:57.658"></status>
</kw>
<status status="PASS" starttime="20210415 02:39:57.125" endtime="20210415 02:39:57.659"></status>
</kw>
<kw name="User Successfully Logout" library="Keywords">
<kw name="Mouse Over" library="SeleniumLibrary">
<doc>Simulates hovering the mouse over the element ``locator``.</doc>
<arguments>
<arg>${UsernameDisplay}</arg>
</arguments>
<msg timestamp="20210415 02:39:57.660" level="INFO">Simulating Mouse Over on element '//*[@id="usernameDisplay"]'.</msg>
<status status="PASS" starttime="20210415 02:39:57.659" endtime="20210415 02:39:57.969"></status>
</kw>
<kw name="Click Element" library="SeleniumLibrary">
<doc>Click the element identified by ``locator``.</doc>
<arguments>
<arg>${LogoutButton}</arg>
</arguments>
<msg timestamp="20210415 02:39:57.970" level="INFO">Clicking element '//*[@class='btnLogout']'.</msg>
<status status="PASS" starttime="20210415 02:39:57.970" endtime="20210415 02:39:59.827"></status>
</kw>
<kw name="Close Browser" library="SeleniumLibrary">
<doc>Closes the current browser.</doc>
<status status="PASS" starttime="20210415 02:39:59.827" endtime="20210415 02:40:02.050"></status>
</kw>
<status status="PASS" starttime="20210415 02:39:57.659" endtime="20210415 02:40:02.050"></status>
</kw>
<status status="PASS" starttime="20210415 02:39:17.518" endtime="20210415 02:40:02.050" critical="yes"></status>
</test>
<test id="s1-s1-s1-s1-t2" name="Incident Hazard Page All Required Parameters are not Populated">
<kw name="User Successfully Login" library="Keywords">
<kw name="Open Browser" library="SeleniumLibrary">
<doc>Opens a new browser instance to the optional ``url``.</doc>
<arguments>
<arg>${URL}</arg>
<arg>${chromeBrowser}</arg>
</arguments>
<msg timestamp="20210415 02:40:02.053" level="INFO">Opening browser 'chrome' to base url 'https://staging-safety365.sevron.co.uk/'.</msg>
<status status="PASS" starttime="20210415 02:40:02.052" endtime="20210415 02:40:12.138"></status>
</kw>
<kw name="Maximize Browser Window" library="SeleniumLibrary">
<doc>Maximizes current browser window.</doc>
<status status="PASS" starttime="20210415 02:40:12.138" endtime="20210415 02:40:12.255"></status>
</kw>
<kw name="Wait Until Element Is Visible" library="SeleniumLibrary">
<doc>Waits until the element ``locator`` is visible.</doc>
<arguments>
<arg>${EmailTextBox}</arg>
</arguments>
<status status="PASS" starttime="20210415 02:40:12.255" endtime="20210415 02:40:12.280"></status>
</kw>
<kw name="Input Text" library="SeleniumLibrary">
<doc>Types the given ``text`` into the text field identified by ``locator``.</doc>
<arguments>
<arg>${EmailTextBox}</arg>
<arg>${email}</arg>
</arguments>
<msg timestamp="20210415 02:40:12.281" level="INFO">Typing text 'lee.christian01@gmail.com' into text field 'name=email'.</msg>
<status status="PASS" starttime="20210415 02:40:12.281" endtime="20210415 02:40:12.436"></status>
</kw>
<kw name="Wait Until Element Is Visible" library="SeleniumLibrary">
<doc>Waits until the element ``locator`` is visible.</doc>
<arguments>
<arg>${PasswordTextBox}</arg>
</arguments>
<status status="PASS" starttime="20210415 02:40:12.437" endtime="20210415 02:40:12.461"></status>
</kw>
<kw name="Input Text" library="SeleniumLibrary">
<doc>Types the given ``text`` into the text field identified by ``locator``.</doc>
<arguments>
<arg>${PasswordTextBox}</arg>
<arg>${password}</arg>
</arguments>
<msg timestamp="20210415 02:40:12.461" level="INFO">Typing text 'Password123' into text field 'name=password'.</msg>
<status status="PASS" starttime="20210415 02:40:12.461" endtime="20210415 02:40:12.556"></status>
</kw>
<kw name="Click Button" library="SeleniumLibrary">
<doc>Clicks the button identified by ``locator``.</doc>
<arguments>
<arg>${LoginButton}</arg>
</arguments>
<msg timestamp="20210415 02:40:12.557" level="INFO">Clicking button '//*[@class='btn green']'.</msg>
<status status="PASS" starttime="20210415 02:40:12.557" endtime="20210415 02:40:27.072"></status>
</kw>
<kw name="Run Keyword And Return Status" library="BuiltIn">
<doc>Runs the given keyword with given arguments and returns the status as a Boolean value.</doc>
<arguments>
<arg>Element Should Be Visible</arg>
<arg>${ModalDeviceNotification}</arg>
</arguments>
<assign>
<var>${present}</var>
</assign>
<kw name="Element Should Be Visible" library="SeleniumLibrary">
<doc>Verifies that the element identified by ``locator`` is visible.</doc>
<arguments>
<arg>${ModalDeviceNotification}</arg>
</arguments>
<kw name="Capture Page Screenshot" library="SeleniumLibrary">
<doc>Takes a screenshot of the current page and embeds it into a log file.</doc>
<msg timestamp="20210415 02:40:27.934" level="INFO" html="yes">&lt;/td&gt;&lt;/tr&gt;&lt;tr&gt;&lt;td colspan="3"&gt;&lt;a href="selenium-screenshot-4.png"&gt;&lt;img src="selenium-screenshot-4.png" width="800px"&gt;&lt;/a&gt;</msg>
<status status="PASS" starttime="20210415 02:40:27.583" endtime="20210415 02:40:27.934"></status>
</kw>
<msg timestamp="20210415 02:40:27.935" level="FAIL">The element '//*[@id="modalDeviceNotification"]/div/div/div[1]/button' should be visible, but it is not.</msg>
<status status="FAIL" starttime="20210415 02:40:27.077" endtime="20210415 02:40:27.935"></status>
</kw>
<msg timestamp="20210415 02:40:27.935" level="INFO">${present} = False</msg>
<status status="PASS" starttime="20210415 02:40:27.074" endtime="20210415 02:40:27.935"></status>
</kw>
<kw name="Run Keyword If" library="BuiltIn">
<doc>Runs the given keyword with the given arguments, if ``condition`` is true.</doc>
<arguments>
<arg>${present}</arg>
<arg>Handle New User Modals</arg>
<arg>ELSE</arg>
<arg>Log</arg>
<arg>User Successfully Logged In</arg>
</arguments>
<kw name="Log" library="BuiltIn">
<doc>Logs the given message with the given level.</doc>
<arguments>
<arg>User Successfully Logged In</arg>
</arguments>
<msg timestamp="20210415 02:40:27.936" level="INFO">User Successfully Logged In</msg>
<status status="PASS" starttime="20210415 02:40:27.936" endtime="20210415 02:40:27.936"></status>
</kw>
<status status="PASS" starttime="20210415 02:40:27.936" endtime="20210415 02:40:27.936"></status>
</kw>
<status status="PASS" starttime="20210415 02:40:02.052" endtime="20210415 02:40:27.937"></status>
</kw>
<kw name="User Navigates to Incidents Page" library="IncidentPageKeywords">
<kw name="Go To" library="SeleniumLibrary">
<doc>Navigates the current browser window to the provided ``url``.</doc>
<arguments>
<arg>${IncidentsURL}</arg>
</arguments>
<msg timestamp="20210415 02:40:27.937" level="INFO">Opening url 'https://staging-safety365.sevron.co.uk/incidents/hazard'</msg>
<status status="PASS" starttime="20210415 02:40:27.937" endtime="20210415 02:40:32.386"></status>
</kw>
<kw name="Page Should Contain Element" library="SeleniumLibrary">
<doc>Verifies that element ``locator`` is found on the current page.</doc>
<arguments>
<arg>${HazardBreadcrumb}</arg>
</arguments>
<msg timestamp="20210415 02:40:32.422" level="INFO">Current page contains element '//span[contains(@class, 'breadCrumbTitle') and text()= 'Hazard']'.</msg>
<status status="PASS" starttime="20210415 02:40:32.386" endtime="20210415 02:40:32.423"></status>
</kw>
<kw name="Page Should Contain Element" library="SeleniumLibrary">
<doc>Verifies that element ``locator`` is found on the current page.</doc>
<arguments>
<arg>${HazardLabelHeader}</arg>
</arguments>
<msg timestamp="20210415 02:40:32.492" level="INFO">Current page contains element '//h1[contains(text(), 'Hazard')]'.</msg>
<status status="PASS" starttime="20210415 02:40:32.423" endtime="20210415 02:40:32.492"></status>
</kw>
<kw name="Page Should Contain Element" library="SeleniumLibrary">
<doc>Verifies that element ``locator`` is found on the current page.</doc>
<arguments>
<arg>${HazardLabelHeader2}</arg>
</arguments>
<msg timestamp="20210415 02:40:32.524" level="INFO">Current page contains element '//h3[contains(text(), 'A situation that poses a level of threat to life, health, property, or environment')]'.</msg>
<status status="PASS" starttime="20210415 02:40:32.492" endtime="20210415 02:40:32.524"></status>
</kw>
<kw name="Page Should Contain Element" library="SeleniumLibrary">
<doc>Verifies that element ``locator`` is found on the current page.</doc>
<arguments>
<arg>${IncidentDetailsTab}</arg>
</arguments>
<msg timestamp="20210415 02:40:32.551" level="INFO">Current page contains element '//a[contains(@href,'#incidentDetails') and contains(text(), 'Incident Details')]'.</msg>
<status status="PASS" starttime="20210415 02:40:32.524" endtime="20210415 02:40:32.552"></status>
</kw>
<kw name="Page Should Contain Element" library="SeleniumLibrary">
<doc>Verifies that element ``locator`` is found on the current page.</doc>
<arguments>
<arg>${BusinessUnitLabel}</arg>
</arguments>
<msg timestamp="20210415 02:40:32.568" level="INFO">Current page contains element '//label[contains(text(), 'Business Unit')]'.</msg>
<status status="PASS" starttime="20210415 02:40:32.552" endtime="20210415 02:40:32.568"></status>
</kw>
<kw name="Page Should Contain Element" library="SeleniumLibrary">
<doc>Verifies that element ``locator`` is found on the current page.</doc>
<arguments>
<arg>${BusinessUnitSelector}</arg>
</arguments>
<msg timestamp="20210415 02:40:32.591" level="INFO">Current page contains element '//*[@id="BUSelect"]'.</msg>
<status status="PASS" starttime="20210415 02:40:32.568" endtime="20210415 02:40:32.591"></status>
</kw>
<kw name="Page Should Contain Element" library="SeleniumLibrary">
<doc>Verifies that element ``locator`` is found on the current page.</doc>
<arguments>
<arg>${LocationLabel}</arg>
</arguments>
<msg timestamp="20210415 02:40:32.606" level="INFO">Current page contains element '//label[contains(text(), 'Location')]'.</msg>
<status status="PASS" starttime="20210415 02:40:32.591" endtime="20210415 02:40:32.606"></status>
</kw>
<kw name="Page Should Contain Button" library="SeleniumLibrary">
<doc>Verifies button ``locator`` is found from current page.</doc>
<arguments>
<arg>${LocationSelectButton}</arg>
</arguments>
<msg timestamp="20210415 02:40:32.752" level="INFO">Current page contains button '//*[@id="BUSelectLocation"]'.</msg>
<status status="PASS" starttime="20210415 02:40:32.606" endtime="20210415 02:40:32.752"></status>
</kw>
<kw name="Page Should Contain Element" library="SeleniumLibrary">
<doc>Verifies that element ``locator`` is found on the current page.</doc>
<arguments>
<arg>${LocationDropdown}</arg>
</arguments>
<msg timestamp="20210415 02:40:32.768" level="INFO">Current page contains element '//*[@id="LocationID"]'.</msg>
<status status="PASS" starttime="20210415 02:40:32.752" endtime="20210415 02:40:32.768"></status>
</kw>
<kw name="Page Should Contain Element" library="SeleniumLibrary">
<doc>Verifies that element ``locator`` is found on the current page.</doc>
<arguments>
<arg>${HazardDateLabel}</arg>
</arguments>
<msg timestamp="20210415 02:40:32.783" level="INFO">Current page contains element '//label[contains(text(), 'Hazard Date')]'.</msg>
<status status="PASS" starttime="20210415 02:40:32.769" endtime="20210415 02:40:32.783"></status>
</kw>
<kw name="Page Should Contain Element" library="SeleniumLibrary">
<doc>Verifies that element ``locator`` is found on the current page.</doc>
<arguments>
<arg>${HazardDateSelector}</arg>
</arguments>
<msg timestamp="20210415 02:40:32.798" level="INFO">Current page contains element '//*[@id="ReportedDate"]'.</msg>
<status status="PASS" starttime="20210415 02:40:32.784" endtime="20210415 02:40:32.798"></status>
</kw>
<kw name="Page Should Contain Element" library="SeleniumLibrary">
<doc>Verifies that element ``locator`` is found on the current page.</doc>
<arguments>
<arg>${DescribeWhereHazardLabel}</arg>
</arguments>
<msg timestamp="20210415 02:40:32.809" level="INFO">Current page contains element '//label[contains(text(), 'Describe where the hazard is')]'.</msg>
<status status="PASS" starttime="20210415 02:40:32.798" endtime="20210415 02:40:32.809"></status>
</kw>
<kw name="Page Should Contain Element" library="SeleniumLibrary">
<doc>Verifies that element ``locator`` is found on the current page.</doc>
<arguments>
<arg>${DescribeWhereHazardTextBox}</arg>
</arguments>
<msg timestamp="20210415 02:40:32.827" level="INFO">Current page contains element '//*[@id="LocationDescription"]'.</msg>
<status status="PASS" starttime="20210415 02:40:32.810" endtime="20210415 02:40:32.828"></status>
</kw>
<kw name="Page Should Contain Element" library="SeleniumLibrary">
<doc>Verifies that element ``locator`` is found on the current page.</doc>
<arguments>
<arg>${DescribeHazardLabel}</arg>
</arguments>
<msg timestamp="20210415 02:40:32.846" level="INFO">Current page contains element '//label[contains(text(), 'Describe the hazard')]'.</msg>
<status status="PASS" starttime="20210415 02:40:32.828" endtime="20210415 02:40:32.846"></status>
</kw>
<kw name="Page Should Contain Element" library="SeleniumLibrary">
<doc>Verifies that element ``locator`` is found on the current page.</doc>
<arguments>
<arg>${DescribeHazardTextBox}</arg>
</arguments>
<msg timestamp="20210415 02:40:32.872" level="INFO">Current page contains element '//*[@id="Description"]'.</msg>
<status status="PASS" starttime="20210415 02:40:32.847" endtime="20210415 02:40:32.872"></status>
</kw>
<kw name="Page Should Contain Element" library="SeleniumLibrary">
<doc>Verifies that element ``locator`` is found on the current page.</doc>
<arguments>
<arg>${SuggestedSolutionLabel}</arg>
</arguments>
<msg timestamp="20210415 02:40:32.895" level="INFO">Current page contains element '//label[contains(text(), 'Suggested solutions')]'.</msg>
<status status="PASS" starttime="20210415 02:40:32.872" endtime="20210415 02:40:32.895"></status>
</kw>
<kw name="Page Should Contain Element" library="SeleniumLibrary">
<doc>Verifies that element ``locator`` is found on the current page.</doc>
<arguments>
<arg>${SuggestedSolutionTextBox}</arg>
</arguments>
<msg timestamp="20210415 02:40:32.913" level="INFO">Current page contains element '//*[@id="Suggest"]'.</msg>
<status status="PASS" starttime="20210415 02:40:32.895" endtime="20210415 02:40:32.913"></status>
</kw>
<kw name="Page Should Contain Element" library="SeleniumLibrary">
<doc>Verifies that element ``locator`` is found on the current page.</doc>
<arguments>
<arg>${WhoReportedHazardLabel}</arg>
</arguments>
<msg timestamp="20210415 02:40:32.930" level="INFO">Current page contains element '//label[contains(text(), 'Who reported the Hazard?')]'.</msg>
<status status="PASS" starttime="20210415 02:40:32.913" endtime="20210415 02:40:32.931"></status>
</kw>
<kw name="Page Should Contain Element" library="SeleniumLibrary">
<doc>Verifies that element ``locator`` is found on the current page.</doc>
<arguments>
<arg>${WhoReportedHazardTextBox}</arg>
</arguments>
<msg timestamp="20210415 02:40:32.948" level="INFO">Current page contains element '//*[@id="ReportedBy"]'.</msg>
<status status="PASS" starttime="20210415 02:40:32.931" endtime="20210415 02:40:32.948"></status>
</kw>
<kw name="Page Should Contain Element" library="SeleniumLibrary">
<doc>Verifies that element ``locator`` is found on the current page.</doc>
<arguments>
<arg>${LineManagerNameLabel}</arg>
</arguments>
<msg timestamp="20210415 02:40:32.963" level="INFO">Current page contains element '//label[contains(text(), "Line Manager's Name")]'.</msg>
<status status="PASS" starttime="20210415 02:40:32.949" endtime="20210415 02:40:32.963"></status>
</kw>
<kw name="Page Should Contain Element" library="SeleniumLibrary">
<doc>Verifies that element ``locator`` is found on the current page.</doc>
<arguments>
<arg>${LineManagerNameTextBox}</arg>
</arguments>
<msg timestamp="20210415 02:40:32.977" level="INFO">Current page contains element '//*[@id="ManagerName"]'.</msg>
<status status="PASS" starttime="20210415 02:40:32.963" endtime="20210415 02:40:32.977"></status>
</kw>
<kw name="Page Should Contain Element" library="SeleniumLibrary">
<doc>Verifies that element ``locator`` is found on the current page.</doc>
<arguments>
<arg>${LineManagerEmailLabel}</arg>
</arguments>
<msg timestamp="20210415 02:40:32.989" level="INFO">Current page contains element '//label[contains(text(), "Line Manager's Email")]'.</msg>
<status status="PASS" starttime="20210415 02:40:32.977" endtime="20210415 02:40:32.989"></status>
</kw>
<kw name="Page Should Contain Element" library="SeleniumLibrary">
<doc>Verifies that element ``locator`` is found on the current page.</doc>
<arguments>
<arg>${LineManagerEmailTextBox}</arg>
</arguments>
<msg timestamp="20210415 02:40:33.003" level="INFO">Current page contains element '//*[@id="ManagerEmail"]'.</msg>
<status status="PASS" starttime="20210415 02:40:32.989" endtime="20210415 02:40:33.003"></status>
</kw>
<kw name="Page Should Contain Button" library="SeleniumLibrary">
<doc>Verifies button ``locator`` is found from current page.</doc>
<arguments>
<arg>${SaveAndNextButton}</arg>
</arguments>
<msg timestamp="20210415 02:40:33.113" level="INFO">Current page contains button '//*[@id="initialandExit"]'.</msg>
<status status="PASS" starttime="20210415 02:40:33.004" endtime="20210415 02:40:33.114"></status>
</kw>
<status status="PASS" starttime="20210415 02:40:27.937" endtime="20210415 02:40:33.114"></status>
</kw>
<kw name="Save and Next" library="IncidentPageKeywords">
<kw name="Execute Javascript" library="SeleniumLibrary">
<doc>Executes the given JavaScript code with possible arguments.</doc>
<arguments>
<arg>window.scrollTo(0, 200)</arg>
</arguments>
<msg timestamp="20210415 02:40:33.116" level="INFO">Executing JavaScript:
window.scrollTo(0, 200)
Without any arguments.</msg>
<status status="PASS" starttime="20210415 02:40:33.115" endtime="20210415 02:40:33.121"></status>
</kw>
<kw name="Click Button" library="SeleniumLibrary">
<doc>Clicks the button identified by ``locator``.</doc>
<arguments>
<arg>${SaveAndNextButton}</arg>
</arguments>
<msg timestamp="20210415 02:40:33.122" level="INFO">Clicking button '//*[@id="initialandExit"]'.</msg>
<status status="PASS" starttime="20210415 02:40:33.122" endtime="20210415 02:40:33.231"></status>
</kw>
<status status="PASS" starttime="20210415 02:40:33.115" endtime="20210415 02:40:33.231"></status>
</kw>
<kw name="Check Warning Tooltips" library="IncidentPageKeywords">
<kw name="Page Should Contain Element" library="SeleniumLibrary">
<doc>Verifies that element ``locator`` is found on the current page.</doc>
<arguments>
<arg>${HazardDateWarningTooltip}</arg>
</arguments>
<msg timestamp="20210415 02:40:33.333" level="INFO">Current page contains element '//*[@id="hazardInitialForm"]/div[3]/div/div/div/i'.</msg>
<status status="PASS" starttime="20210415 02:40:33.232" endtime="20210415 02:40:33.333"></status>
</kw>
<kw name="Get Element Attribute" library="SeleniumLibrary">
<doc>Returns the value of ``attribute`` from the element ``locator``.</doc>
<arguments>
<arg>${HazardDateWarningTooltip}</arg>
<arg>data-original-title</arg>
</arguments>
<assign>
<var>${fieldrequired}</var>
</assign>
<msg timestamp="20210415 02:40:33.447" level="INFO">${fieldrequired} = This field is required.</msg>
<status status="PASS" starttime="20210415 02:40:33.334" endtime="20210415 02:40:33.447"></status>
</kw>
<kw name="Should Be Equal" library="BuiltIn">
<doc>Fails if the given objects are unequal.</doc>
<arguments>
<arg>${fieldrequired}</arg>
<arg>${TextWarningTooltipMessage}</arg>
</arguments>
<status status="PASS" starttime="20210415 02:40:33.447" endtime="20210415 02:40:33.448"></status>
</kw>
<kw name="Page Should Contain Element" library="SeleniumLibrary">
<doc>Verifies that element ``locator`` is found on the current page.</doc>
<arguments>
<arg>${DescribeWhereHazardWarningTooltip}</arg>
</arguments>
<msg timestamp="20210415 02:40:33.477" level="INFO">Current page contains element '//*[@id="hazardInitialForm"]/div[4]/div/i'.</msg>
<status status="PASS" starttime="20210415 02:40:33.448" endtime="20210415 02:40:33.477"></status>
</kw>
<kw name="Get Element Attribute" library="SeleniumLibrary">
<doc>Returns the value of ``attribute`` from the element ``locator``.</doc>
<arguments>
<arg>${DescribeWhereHazardWarningTooltip}</arg>
<arg>data-original-title</arg>
</arguments>
<assign>
<var>${fieldrequired}</var>
</assign>
<msg timestamp="20210415 02:40:33.516" level="INFO">${fieldrequired} = This field is required.</msg>
<status status="PASS" starttime="20210415 02:40:33.478" endtime="20210415 02:40:33.517"></status>
</kw>
<kw name="Should Be Equal" library="BuiltIn">
<doc>Fails if the given objects are unequal.</doc>
<arguments>
<arg>${fieldrequired}</arg>
<arg>${TextWarningTooltipMessage}</arg>
</arguments>
<status status="PASS" starttime="20210415 02:40:33.517" endtime="20210415 02:40:33.518"></status>
</kw>
<kw name="Page Should Contain Element" library="SeleniumLibrary">
<doc>Verifies that element ``locator`` is found on the current page.</doc>
<arguments>
<arg>${DescribeHazardWarningTooltip}</arg>
</arguments>
<msg timestamp="20210415 02:40:33.612" level="INFO">Current page contains element '//*[@id="hazardInitialForm"]/div[5]/div/i'.</msg>
<status status="PASS" starttime="20210415 02:40:33.518" endtime="20210415 02:40:33.612"></status>
</kw>
<kw name="Get Element Attribute" library="SeleniumLibrary">
<doc>Returns the value of ``attribute`` from the element ``locator``.</doc>
<arguments>
<arg>${DescribeHazardWarningTooltip}</arg>
<arg>data-original-title</arg>
</arguments>
<assign>
<var>${fieldrequired}</var>
</assign>
<msg timestamp="20210415 02:40:33.641" level="INFO">${fieldrequired} = This field is required.</msg>
<status status="PASS" starttime="20210415 02:40:33.612" endtime="20210415 02:40:33.641"></status>
</kw>
<kw name="Should Be Equal" library="BuiltIn">
<doc>Fails if the given objects are unequal.</doc>
<arguments>
<arg>${fieldrequired}</arg>
<arg>${TextWarningTooltipMessage}</arg>
</arguments>
<status status="PASS" starttime="20210415 02:40:33.642" endtime="20210415 02:40:33.642"></status>
</kw>
<kw name="Page Should Contain Element" library="SeleniumLibrary">
<doc>Verifies that element ``locator`` is found on the current page.</doc>
<arguments>
<arg>${SuggestedSolutionWarningTooltip}</arg>
</arguments>
<msg timestamp="20210415 02:40:33.658" level="INFO">Current page contains element '//*[@id="hazardInitialForm"]/div[6]/div/i'.</msg>
<status status="PASS" starttime="20210415 02:40:33.642" endtime="20210415 02:40:33.659"></status>
</kw>
<kw name="Get Element Attribute" library="SeleniumLibrary">
<doc>Returns the value of ``attribute`` from the element ``locator``.</doc>
<arguments>
<arg>${SuggestedSolutionWarningTooltip}</arg>
<arg>data-original-title</arg>
</arguments>
<assign>
<var>${fieldrequired}</var>
</assign>
<msg timestamp="20210415 02:40:33.676" level="INFO">${fieldrequired} = This field is required.</msg>
<status status="PASS" starttime="20210415 02:40:33.659" endtime="20210415 02:40:33.676"></status>
</kw>
<kw name="Should Be Equal" library="BuiltIn">
<doc>Fails if the given objects are unequal.</doc>
<arguments>
<arg>${fieldrequired}</arg>
<arg>${TextWarningTooltipMessage}</arg>
</arguments>
<status status="PASS" starttime="20210415 02:40:33.677" endtime="20210415 02:40:33.677"></status>
</kw>
<kw name="Page Should Contain Element" library="SeleniumLibrary">
<doc>Verifies that element ``locator`` is found on the current page.</doc>
<arguments>
<arg>${WhoReportedWarningTooltip}</arg>
</arguments>
<msg timestamp="20210415 02:40:33.702" level="INFO">Current page contains element '//*[@id="hazardInitialForm"]/div[7]/div/div/div/i'.</msg>
<status status="PASS" starttime="20210415 02:40:33.677" endtime="20210415 02:40:33.702"></status>
</kw>
<kw name="Get Element Attribute" library="SeleniumLibrary">
<doc>Returns the value of ``attribute`` from the element ``locator``.</doc>
<arguments>
<arg>${WhoReportedWarningTooltip}</arg>
<arg>data-original-title</arg>
</arguments>
<assign>
<var>${fieldrequired}</var>
</assign>
<msg timestamp="20210415 02:40:33.721" level="INFO">${fieldrequired} = This field is required.</msg>
<status status="PASS" starttime="20210415 02:40:33.703" endtime="20210415 02:40:33.722"></status>
</kw>
<kw name="Should Be Equal" library="BuiltIn">
<doc>Fails if the given objects are unequal.</doc>
<arguments>
<arg>${fieldrequired}</arg>
<arg>${TextWarningTooltipMessage}</arg>
</arguments>
<status status="PASS" starttime="20210415 02:40:33.722" endtime="20210415 02:40:33.722"></status>
</kw>
<kw name="Page Should Contain Element" library="SeleniumLibrary">
<doc>Verifies that element ``locator`` is found on the current page.</doc>
<arguments>
<arg>${LineManagerNameWarningTooltip}</arg>
</arguments>
<msg timestamp="20210415 02:40:33.738" level="INFO">Current page contains element '//*[@id="hazardInitialForm"]/div[8]/div[1]/div/div/i'.</msg>
<status status="PASS" starttime="20210415 02:40:33.722" endtime="20210415 02:40:33.738"></status>
</kw>
<kw name="Get Element Attribute" library="SeleniumLibrary">
<doc>Returns the value of ``attribute`` from the element ``locator``.</doc>
<arguments>
<arg>${LineManagerNameWarningTooltip}</arg>
<arg>data-original-title</arg>
</arguments>
<assign>
<var>${fieldrequired}</var>
</assign>
<msg timestamp="20210415 02:40:33.818" level="INFO">${fieldrequired} = This field is required.</msg>
<status status="PASS" starttime="20210415 02:40:33.738" endtime="20210415 02:40:33.818"></status>
</kw>
<kw name="Should Be Equal" library="BuiltIn">
<doc>Fails if the given objects are unequal.</doc>
<arguments>
<arg>${fieldrequired}</arg>
<arg>${TextWarningTooltipMessage}</arg>
</arguments>
<status status="PASS" starttime="20210415 02:40:33.819" endtime="20210415 02:40:33.819"></status>
</kw>
<status status="PASS" starttime="20210415 02:40:33.231" endtime="20210415 02:40:33.819"></status>
</kw>
<kw name="Invalid Email Address for Line Manager's Email Textbox" library="IncidentPageKeywords">
<kw name="Input Text" library="SeleniumLibrary">
<doc>Types the given ``text`` into the text field identified by ``locator``.</doc>
<arguments>
<arg>${LineManagerEmailTextBox}</arg>
<arg>${InvalidLineManagerEmail}</arg>
</arguments>
<msg timestamp="20210415 02:40:33.820" level="INFO">Typing text 'sampler!sampler.dasd' into text field '//*[@id="ManagerEmail"]'.</msg>
<status status="PASS" starttime="20210415 02:40:33.820" endtime="20210415 02:40:33.942"></status>
</kw>
<kw name="Execute Javascript" library="SeleniumLibrary">
<doc>Executes the given JavaScript code with possible arguments.</doc>
<arguments>
<arg>window.scrollTo(0, 200)</arg>
</arguments>
<msg timestamp="20210415 02:40:33.943" level="INFO">Executing JavaScript:
window.scrollTo(0, 200)
Without any arguments.</msg>
<status status="PASS" starttime="20210415 02:40:33.942" endtime="20210415 02:40:33.946"></status>
</kw>
<kw name="Click Button" library="SeleniumLibrary">
<doc>Clicks the button identified by ``locator``.</doc>
<arguments>
<arg>${SaveAndNextButton}</arg>
</arguments>
<msg timestamp="20210415 02:40:33.946" level="INFO">Clicking button '//*[@id="initialandExit"]'.</msg>
<status status="PASS" starttime="20210415 02:40:33.946" endtime="20210415 02:40:34.044"></status>
</kw>
<kw name="Page Should Contain Element" library="SeleniumLibrary">
<doc>Verifies that element ``locator`` is found on the current page.</doc>
<arguments>
<arg>${LineManagerEmailWarningTooltip}</arg>
</arguments>
<msg timestamp="20210415 02:40:34.064" level="INFO">Current page contains element '//*[@id="hazardInitialForm"]/div[8]/div[2]/div/div/i'.</msg>
<status status="PASS" starttime="20210415 02:40:34.044" endtime="20210415 02:40:34.064"></status>
</kw>
<kw name="Get Element Attribute" library="SeleniumLibrary">
<doc>Returns the value of ``attribute`` from the element ``locator``.</doc>
<arguments>
<arg>${LineManagerEmailWarningTooltip}</arg>
<arg>data-original-title</arg>
</arguments>
<assign>
<var>${fieldrequired}</var>
</assign>
<msg timestamp="20210415 02:40:34.086" level="INFO">${fieldrequired} = Please enter a valid email address.</msg>
<status status="PASS" starttime="20210415 02:40:34.064" endtime="20210415 02:40:34.086"></status>
</kw>
<kw name="Should Be Equal" library="BuiltIn">
<doc>Fails if the given objects are unequal.</doc>
<arguments>
<arg>${fieldrequired}</arg>
<arg>${EmailWarningTooltipMessage}</arg>
</arguments>
<status status="PASS" starttime="20210415 02:40:34.086" endtime="20210415 02:40:34.087"></status>
</kw>
<status status="PASS" starttime="20210415 02:40:33.819" endtime="20210415 02:40:34.088"></status>
</kw>
<kw name="User Successfully Logout" library="Keywords">
<kw name="Mouse Over" library="SeleniumLibrary">
<doc>Simulates hovering the mouse over the element ``locator``.</doc>
<arguments>
<arg>${UsernameDisplay}</arg>
</arguments>
<msg timestamp="20210415 02:40:34.089" level="INFO">Simulating Mouse Over on element '//*[@id="usernameDisplay"]'.</msg>
<status status="PASS" starttime="20210415 02:40:34.089" endtime="20210415 02:40:34.405"></status>
</kw>
<kw name="Click Element" library="SeleniumLibrary">
<doc>Click the element identified by ``locator``.</doc>
<arguments>
<arg>${LogoutButton}</arg>
</arguments>
<msg timestamp="20210415 02:40:34.407" level="INFO">Clicking element '//*[@class='btnLogout']'.</msg>
<status status="PASS" starttime="20210415 02:40:34.405" endtime="20210415 02:40:35.778"></status>
</kw>
<kw name="Close Browser" library="SeleniumLibrary">
<doc>Closes the current browser.</doc>
<status status="PASS" starttime="20210415 02:40:35.779" endtime="20210415 02:40:39.012"></status>
</kw>
<status status="PASS" starttime="20210415 02:40:34.088" endtime="20210415 02:40:39.012"></status>
</kw>
<status status="PASS" starttime="20210415 02:40:02.051" endtime="20210415 02:40:39.013" critical="yes"></status>
</test>
<status status="PASS" starttime="20210415 02:39:17.325" endtime="20210415 02:40:39.013"></status>
</suite>
<status status="PASS" starttime="20210415 02:39:17.322" endtime="20210415 02:40:39.016"></status>
</suite>
<suite id="s1-s1-s2" name="StartPage" source="F:\RobotFramework\RobotProject\RobotTest\SevronTechTest\StartPage">
<suite id="s1-s1-s2-s1" name="StartPageTests" source="F:\RobotFramework\RobotProject\RobotTest\SevronTechTest\StartPage\StartPageTests.robot">
<test id="s1-s1-s2-s1-t1" name="Create Account Using Correct Parameters">
<kw name="User Navigates to Create Account" library="Keywords">
<kw name="Open Browser" library="SeleniumLibrary">
<doc>Opens a new browser instance to the optional ``url``.</doc>
<arguments>
<arg>${CreateAccountURL}</arg>
<arg>${chromeBrowser}</arg>
</arguments>
<msg timestamp="20210415 02:40:39.035" level="INFO">Opening browser 'chrome' to base url 'https://staging-safety365.sevron.co.uk/start'.</msg>
<status status="PASS" starttime="20210415 02:40:39.035" endtime="20210415 02:40:51.345"></status>
</kw>
<kw name="Maximize Browser Window" library="SeleniumLibrary">
<doc>Maximizes current browser window.</doc>
<status status="PASS" starttime="20210415 02:40:51.346" endtime="20210415 02:40:51.473"></status>
</kw>
<status status="PASS" starttime="20210415 02:40:39.034" endtime="20210415 02:40:51.474"></status>
</kw>
<kw name="User Inspects Create Account Page" library="StartPageKeywords">
<kw name="Page Should Contain Link" library="SeleniumLibrary">
<doc>Verifies link identified by ``locator`` is found from current page.</doc>
<arguments>
<arg>${LoginHereLink}</arg>
</arguments>
<msg timestamp="20210415 02:40:51.492" level="INFO">Current page contains link '//*[@href='https://staging-safety365.sevron.co.uk']'.</msg>
<status status="PASS" starttime="20210415 02:40:51.475" endtime="20210415 02:40:51.492"></status>
</kw>
<kw name="Page Should Contain Element" library="SeleniumLibrary">
<doc>Verifies that element ``locator`` is found on the current page.</doc>
<arguments>
<arg>${CreateAccountLabel}</arg>
</arguments>
<msg timestamp="20210415 02:40:51.503" level="INFO">Current page contains element '//h1[contains(text(), 'Create your account')]'.</msg>
<status status="PASS" starttime="20210415 02:40:51.492" endtime="20210415 02:40:51.503"></status>
</kw>
<kw name="Page Should Contain Element" library="SeleniumLibrary">
<doc>Verifies that element ``locator`` is found on the current page.</doc>
<arguments>
<arg>${FirstNameLabel}</arg>
</arguments>
<msg timestamp="20210415 02:40:51.515" level="INFO">Current page contains element '//*[contains(@class, 'col-xs-2') and text()= 'First Name']'.</msg>
<status status="PASS" starttime="20210415 02:40:51.503" endtime="20210415 02:40:51.515"></status>
</kw>
<kw name="Page Should Contain Element" library="SeleniumLibrary">
<doc>Verifies that element ``locator`` is found on the current page.</doc>
<arguments>
<arg>${FirstNamePlaceholder}</arg>
</arguments>
<msg timestamp="20210415 02:40:51.525" level="INFO">Current page contains element '//*[@id="firstname"]'.</msg>
<status status="PASS" starttime="20210415 02:40:51.515" endtime="20210415 02:40:51.525"></status>
</kw>
<kw name="Get Element Attribute" library="SeleniumLibrary">
<doc>Returns the value of ``attribute`` from the element ``locator``.</doc>
<arguments>
<arg>${FirstNamePlaceholder}</arg>
<arg>placeholder</arg>
</arguments>
<assign>
<var>${firstnameplaceholder}</var>
</assign>
<msg timestamp="20210415 02:40:51.537" level="INFO">${firstnameplaceholder} = Your first name</msg>
<status status="PASS" starttime="20210415 02:40:51.525" endtime="20210415 02:40:51.537"></status>
</kw>
<kw name="Should Be Equal" library="BuiltIn">
<doc>Fails if the given objects are unequal.</doc>
<arguments>
<arg>${firstnameplaceholder}</arg>
<arg>${fnplaceholdertext}</arg>
</arguments>
<status status="PASS" starttime="20210415 02:40:51.537" endtime="20210415 02:40:51.538"></status>
</kw>
<kw name="Page Should Contain Element" library="SeleniumLibrary">
<doc>Verifies that element ``locator`` is found on the current page.</doc>
<arguments>
<arg>${LastNameLabel}</arg>
</arguments>
<msg timestamp="20210415 02:40:51.548" level="INFO">Current page contains element '//*[contains(@class, 'col-xs-2') and text()= 'Last Name']'.</msg>
<status status="PASS" starttime="20210415 02:40:51.538" endtime="20210415 02:40:51.548"></status>
</kw>
<kw name="Page Should Contain Element" library="SeleniumLibrary">
<doc>Verifies that element ``locator`` is found on the current page.</doc>
<arguments>
<arg>${LastNamePlaceholder}</arg>
</arguments>
<msg timestamp="20210415 02:40:51.557" level="INFO">Current page contains element '//*[@id="lastname"]'.</msg>
<status status="PASS" starttime="20210415 02:40:51.549" endtime="20210415 02:40:51.557"></status>
</kw>
<kw name="Get Element Attribute" library="SeleniumLibrary">
<doc>Returns the value of ``attribute`` from the element ``locator``.</doc>
<arguments>
<arg>${LastNamePlaceholder}</arg>
<arg>placeholder</arg>
</arguments>
<assign>
<var>${lastnameplaceholder}</var>
</assign>
<msg timestamp="20210415 02:40:51.568" level="INFO">${lastnameplaceholder} = Your last name</msg>
<status status="PASS" starttime="20210415 02:40:51.557" endtime="20210415 02:40:51.568"></status>
</kw>
<kw name="Should Be Equal" library="BuiltIn">
<doc>Fails if the given objects are unequal.</doc>
<arguments>
<arg>${lastnameplaceholder}</arg>
<arg>${lnplaceholdertext}</arg>
</arguments>
<status status="PASS" starttime="20210415 02:40:51.568" endtime="20210415 02:40:51.569"></status>
</kw>
<kw name="Page Should Contain Element" library="SeleniumLibrary">
<doc>Verifies that element ``locator`` is found on the current page.</doc>
<arguments>
<arg>${CompanyNameLabel}</arg>
</arguments>
<msg timestamp="20210415 02:40:51.580" level="INFO">Current page contains element '//*[contains(@class, 'col-xs-2') and text()= 'Company']'.</msg>
<status status="PASS" starttime="20210415 02:40:51.569" endtime="20210415 02:40:51.580"></status>
</kw>
<kw name="Page Should Contain Element" library="SeleniumLibrary">
<doc>Verifies that element ``locator`` is found on the current page.</doc>
<arguments>
<arg>${CompanyPlaceholder}</arg>
</arguments>
<msg timestamp="20210415 02:40:51.592" level="INFO">Current page contains element '//*[@id="company"]'.</msg>
<status status="PASS" starttime="20210415 02:40:51.581" endtime="20210415 02:40:51.592"></status>
</kw>
<kw name="Get Element Attribute" library="SeleniumLibrary">
<doc>Returns the value of ``attribute`` from the element ``locator``.</doc>
<arguments>
<arg>${CompanyPlaceholder}</arg>
<arg>placeholder</arg>
</arguments>
<assign>
<var>${companyplaceholder}</var>
</assign>
[...]
</kw>
<kw name="Page Should Contain Element" library="SeleniumLibrary">
<doc>Verifies that element ``locator`` is found on the current page.</doc>
<arguments>
<arg>${FirstNamePlaceholder}</arg>
</arguments>
<msg timestamp="20210415 02:41:05.027" level="INFO">Current page contains element '//*[@id="firstname"]'.</msg>
<status status="PASS" starttime="20210415 02:41:05.002" endtime="20210415 02:41:05.027"></status>
</kw>
<kw name="Get Element Attribute" library="SeleniumLibrary">
<doc>Returns the value of ``attribute`` from the element ``locator``.</doc>
<arguments>
<arg>${FirstNamePlaceholder}</arg>
<arg>placeholder</arg>
</arguments>
<assign>
<var>${firstnameplaceholder}</var>
</assign>
<msg timestamp="20210415 02:41:05.045" level="INFO">${firstnameplaceholder} = Your first name</msg>
<status status="PASS" starttime="20210415 02:41:05.027" endtime="20210415 02:41:05.045"></status>
</kw>
<kw name="Should Be Equal" library="BuiltIn">
<doc>Fails if the given objects are unequal.</doc>
<arguments>
<arg>${firstnameplaceholder}</arg>
<arg>${fnplaceholdertext}</arg>
</arguments>
<status status="PASS" starttime="20210415 02:41:05.045" endtime="20210415 02:41:05.046"></status>
</kw>
<kw name="Page Should Contain Element" library="SeleniumLibrary">
<doc>Verifies that element ``locator`` is found on the current page.</doc>
<arguments>
<arg>${LastNameLabel}</arg>
</arguments>
<msg timestamp="20210415 02:41:05.058" level="INFO">Current page contains element '//*[contains(@class, 'col-xs-2') and text()= 'Last Name']'.</msg>
<status status="PASS" starttime="20210415 02:41:05.046" endtime="20210415 02:41:05.058"></status>
</kw>
<kw name="Page Should Contain Element" library="SeleniumLibrary">
<doc>Verifies that element ``locator`` is found on the current page.</doc>
<arguments>
<arg>${LastNamePlaceholder}</arg>
</arguments>
<msg timestamp="20210415 02:41:05.069" level="INFO">Current page contains element '//*[@id="lastname"]'.</msg>
<status status="PASS" starttime="20210415 02:41:05.058" endtime="20210415 02:41:05.070"></status>
</kw>
<kw name="Get Element Attribute" library="SeleniumLibrary">
<doc>Returns the value of ``attribute`` from the element ``locator``.</doc>
<arguments>
<arg>${LastNamePlaceholder}</arg>
<arg>placeholder</arg>
</arguments>
<assign>
<var>${lastnameplaceholder}</var>
</assign>
<msg timestamp="20210415 02:41:05.079" level="INFO">${lastnameplaceholder} = Your last name</msg>
<status status="PASS" starttime="20210415 02:41:05.070" endtime="20210415 02:41:05.079"></status>
</kw>
<kw name="Should Be Equal" library="BuiltIn">
<doc>Fails if the given objects are unequal.</doc>
<arguments>
<arg>${lastnameplaceholder}</arg>
<arg>${lnplaceholdertext}</arg>
</arguments>
<status status="PASS" starttime="20210415 02:41:05.079" endtime="20210415 02:41:05.080"></status>
</kw>
<kw name="Page Should Contain Element" library="SeleniumLibrary">
<doc>Verifies that element ``locator`` is found on the current page.</doc>
<arguments>
<arg>${CompanyNameLabel}</arg>
</arguments>
<msg timestamp="20210415 02:41:05.090" level="INFO">Current page contains element '//*[contains(@class, 'col-xs-2') and text()= 'Company']'.</msg>
<status status="PASS" starttime="20210415 02:41:05.080" endtime="20210415 02:41:05.090"></status>
</kw>
<kw name="Page Should Contain Element" library="SeleniumLibrary">
<doc>Verifies that element ``locator`` is found on the current page.</doc>
<arguments>
<arg>${CompanyPlaceholder}</arg>
</arguments>
<msg timestamp="20210415 02:41:05.100" level="INFO">Current page contains element '//*[@id="company"]'.</msg>
<status status="PASS" starttime="20210415 02:41:05.090" endtime="20210415 02:41:05.101"></status>
</kw>
<kw name="Get Element Attribute" library="SeleniumLibrary">
<doc>Returns the value of ``attribute`` from the element ``locator``.</doc>
<arguments>
<arg>${CompanyPlaceholder}</arg>
<arg>placeholder</arg>
</arguments>
<assign>
<var>${companyplaceholder}</var>
</assign>
<msg timestamp="20210415 02:41:05.111" level="INFO">${companyplaceholder} = Your company name</msg>
<status status="PASS" starttime="20210415 02:41:05.101" endtime="20210415 02:41:05.111"></status>
</kw>
<kw name="Should Be Equal" library="BuiltIn">
<doc>Fails if the given objects are unequal.</doc>
<arguments>
<arg>${companyplaceholder}</arg>
<arg>${companyplaceholdertext}</arg>
</arguments>
<status status="PASS" starttime="20210415 02:41:05.111" endtime="20210415 02:41:05.112"></status>
</kw>
<kw name="Page Should Contain Element" library="SeleniumLibrary">
<doc>Verifies that element ``locator`` is found on the current page.</doc>
<arguments>
<arg>${TelephoneLabel}</arg>
</arguments>
<msg timestamp="20210415 02:41:05.123" level="INFO">Current page contains element '//*[contains(@class, 'col-xs-2') and text()= 'Telephone']'.</msg>
<status status="PASS" starttime="20210415 02:41:05.112" endtime="20210415 02:41:05.124"></status>
</kw>
<kw name="Page Should Contain Element" library="SeleniumLibrary">
<doc>Verifies that element ``locator`` is found on the current page.</doc>
<arguments>
<arg>${TelephonePlaceholder}</arg>
</arguments>
<msg timestamp="20210415 02:41:05.137" level="INFO">Current page contains element '//*[@id="telephone"]'.</msg>
<status status="PASS" starttime="20210415 02:41:05.124" endtime="20210415 02:41:05.137"></status>
</kw>
<kw name="Get Element Attribute" library="SeleniumLibrary">
<doc>Returns the value of ``attribute`` from the element ``locator``.</doc>
<arguments>
<arg>${TelephonePlaceholder}</arg>
<arg>placeholder</arg>
</arguments>
<assign>
<var>${phoneplaceholder}</var>
</assign>
<msg timestamp="20210415 02:41:05.162" level="INFO">${phoneplaceholder} = Your telephone</msg>
<status status="PASS" starttime="20210415 02:41:05.138" endtime="20210415 02:41:05.162"></status>
</kw>
<kw name="Should Be Equal" library="BuiltIn">
<doc>Fails if the given objects are unequal.</doc>
<arguments>
<arg>${phoneplaceholder}</arg>
<arg>${phoneplaceholdertext}</arg>
</arguments>
<status status="PASS" starttime="20210415 02:41:05.163" endtime="20210415 02:41:05.163"></status>
</kw>
<kw name="Page Should Contain Element" library="SeleniumLibrary">
<doc>Verifies that element ``locator`` is found on the current page.</doc>
<arguments>
<arg>${WorkEmailLabel}</arg>
</arguments>
<msg timestamp="20210415 02:41:05.179" level="INFO">Current page contains element '//*[contains(@class, 'col-xs-2') and text()= 'Work Email']'.</msg>
<status status="PASS" starttime="20210415 02:41:05.163" endtime="20210415 02:41:05.180"></status>
</kw>
<kw name="Page Should Contain Element" library="SeleniumLibrary">
<doc>Verifies that element ``locator`` is found on the current page.</doc>
<arguments>
<arg>${WorkEmailPlaceholder}</arg>
</arguments>
<msg timestamp="20210415 02:41:05.219" level="INFO">Current page contains element '//*[@id="email"]'.</msg>
<status status="PASS" starttime="20210415 02:41:05.180" endtime="20210415 02:41:05.219"></status>
</kw>
<kw name="Get Element Attribute" library="SeleniumLibrary">
<doc>Returns the value of ``attribute`` from the element ``locator``.</doc>
<arguments>
<arg>${WorkEmailPlaceholder}</arg>
<arg>placeholder</arg>
</arguments>
<assign>
<var>${emailplaceholder}</var>
</assign>
<msg timestamp="20210415 02:41:05.234" level="INFO">${emailplaceholder} = you@yourcompany.co.uk</msg>
<status status="PASS" starttime="20210415 02:41:05.220" endtime="20210415 02:41:05.235"></status>
</kw>
<kw name="Should Be Equal" library="BuiltIn">
<doc>Fails if the given objects are unequal.</doc>
<arguments>
<arg>${emailplaceholder}</arg>
<arg>${workemailplaceholdertext}</arg>
</arguments>
<status status="PASS" starttime="20210415 02:41:05.235" endtime="20210415 02:41:05.236"></status>
</kw>
<kw name="Page Should Contain Element" library="SeleniumLibrary">
<doc>Verifies that element ``locator`` is found on the current page.</doc>
<arguments>
<arg>${CreatePasswordLabel}</arg>
</arguments>
<msg timestamp="20210415 02:41:05.246" level="INFO">Current page contains element '//*[contains(@class, 'col-xs-2') and text()= 'Password']'.</msg>
<status status="PASS" starttime="20210415 02:41:05.236" endtime="20210415 02:41:05.247"></status>
</kw>
<kw name="Page Should Contain Element" library="SeleniumLibrary">
<doc>Verifies that element ``locator`` is found on the current page.</doc>
<arguments>
<arg>${CreatePasswordPlaceholder}</arg>
</arguments>
<msg timestamp="20210415 02:41:05.257" level="INFO">Current page contains element '//*[@id="password"]'.</msg>
<status status="PASS" starttime="20210415 02:41:05.247" endtime="20210415 02:41:05.258"></status>
</kw>
<kw name="Get Element Attribute" library="SeleniumLibrary">
<doc>Returns the value of ``attribute`` from the element ``locator``.</doc>
<arguments>
<arg>${CreatePasswordPlaceholder}</arg>
<arg>placeholder</arg>
</arguments>
<assign>
<var>${pwplaceholder}</var>
</assign>
<msg timestamp="20210415 02:41:05.269" level="INFO">${pwplaceholder} = Password</msg>
<status status="PASS" starttime="20210415 02:41:05.258" endtime="20210415 02:41:05.269"></status>
</kw>
<kw name="Should Be Equal" library="BuiltIn">
<doc>Fails if the given objects are unequal.</doc>
<arguments>
<arg>${pwplaceholder}</arg>
<arg>${passwordplaceholdertext}</arg>
</arguments>
<status status="PASS" starttime="20210415 02:41:05.269" endtime="20210415 02:41:05.270"></status>
</kw>
<kw name="Page Should Contain Link" library="SeleniumLibrary">
<doc>Verifies link identified by ``locator`` is found from current page.</doc>
<arguments>
<arg>${TermsAndConditionsLink}</arg>
</arguments>
<msg timestamp="20210415 02:41:05.281" level="INFO">Current page contains link '//*[@href='https://www.sevron.co.uk/terms-conditions/']'.</msg>
<status status="PASS" starttime="20210415 02:41:05.270" endtime="20210415 02:41:05.281"></status>
</kw>
<kw name="Page Should Contain Button" library="SeleniumLibrary">
<doc>Verifies button ``locator`` is found from current page.</doc>
<arguments>
<arg>${CreateAccountButton}</arg>
</arguments>
<msg timestamp="20210415 02:41:05.332" level="INFO">Current page contains button '//*[@id="SignupForm"]/div[2]/div/button'.</msg>
<status status="PASS" starttime="20210415 02:41:05.282" endtime="20210415 02:41:05.332"></status>
</kw>
<kw name="Select Frame" library="SeleniumLibrary">
<doc>Sets frame identified by ``locator`` as the current frame.</doc>
<arguments>
<arg>${CaptchaFrame}</arg>
</arguments>
<msg timestamp="20210415 02:41:05.333" level="INFO">Selecting frame '//*[@id="SignupForm"]/div[2]/div/div[2]/div/div/div/iframe'.</msg>
<status status="PASS" starttime="20210415 02:41:05.333" endtime="20210415 02:41:05.362"></status>
</kw>
<kw name="Page Should Contain Element" library="SeleniumLibrary">
<doc>Verifies that element ``locator`` is found on the current page.</doc>
<arguments>
<arg>${CaptchaContainer}</arg>
</arguments>
<msg timestamp="20210415 02:41:05.371" level="INFO">Current page contains element '//*[@id="rc-anchor-container"]'.</msg>
<status status="PASS" starttime="20210415 02:41:05.362" endtime="20210415 02:41:05.372"></status>
</kw>
<kw name="Unselect Frame" library="SeleniumLibrary">
<doc>Sets the main frame as the current frame.</doc>
<status status="PASS" starttime="20210415 02:41:05.372" endtime="20210415 02:41:05.374"></status>
</kw>
<status status="PASS" starttime="20210415 02:41:04.930" endtime="20210415 02:41:05.374"></status>
</kw>
<kw name="Fill In Invalid Account Details" library="StartPageKeywords">
<kw name="Click Button" library="SeleniumLibrary">
<doc>Clicks the button identified by ``locator``.</doc>
<arguments>
<arg>${CreateAccountButton}</arg>
</arguments>
<msg timestamp="20210415 02:41:05.375" level="INFO">Clicking button '//*[@id="SignupForm"]/div[2]/div/button'.</msg>
<status status="PASS" starttime="20210415 02:41:05.375" endtime="20210415 02:41:05.441"></status>
</kw>
<kw name="Page Should Contain Element" library="SeleniumLibrary">
<doc>Verifies that element ``locator`` is found on the current page.</doc>
<arguments>
<arg>${FirstNameErrorLabel}</arg>
</arguments>
<msg timestamp="20210415 02:41:05.462" level="INFO">Current page contains element '//*[@id="firstname-error" and contains(text(), 'Please enter your first name.')]'.</msg>
<status status="PASS" starttime="20210415 02:41:05.442" endtime="20210415 02:41:05.462"></status>
</kw>
<kw name="Page Should Contain Element" library="SeleniumLibrary">
<doc>Verifies that element ``locator`` is found on the current page.</doc>
<arguments>
<arg>${LastNameErrorLabel}</arg>
</arguments>
<msg timestamp="20210415 02:41:05.477" level="INFO">Current page contains element '//*[@id="lastname-error" and contains(text(), 'Please enter your last name.')]'.</msg>
<status status="PASS" starttime="20210415 02:41:05.463" endtime="20210415 02:41:05.477"></status>
</kw>
<kw name="Page Should Contain Element" library="SeleniumLibrary">
<doc>Verifies that element ``locator`` is found on the current page.</doc>
<arguments>
<arg>${CompanyErrorLabel}</arg>
</arguments>
<msg timestamp="20210415 02:41:05.493" level="INFO">Current page contains element '//*[@id="company-error" and contains(text(), 'Please enter your company name.')]'.</msg>
<status status="PASS" starttime="20210415 02:41:05.478" endtime="20210415 02:41:05.494"></status>
</kw>
<kw name="Page Should Contain Element" library="SeleniumLibrary">
<doc>Verifies that element ``locator`` is found on the current page.</doc>
<arguments>
<arg>${TelephonePlaceholder}</arg>
</arguments>
<msg timestamp="20210415 02:41:05.502" level="INFO">Current page contains element '//*[@id="telephone"]'.</msg>
<status status="PASS" starttime="20210415 02:41:05.494" endtime="20210415 02:41:05.502"></status>
</kw>
<kw name="Page Should Contain Element" library="SeleniumLibrary">
<doc>Verifies that element ``locator`` is found on the current page.</doc>
<arguments>
<arg>${CreatePasswordErrorLabel}</arg>
</arguments>
<msg timestamp="20210415 02:41:05.515" level="INFO">Current page contains element '//*[@id="password-error" and contains(text(), 'Your password must be at least 8 characters and contain 1 number.')]'.</msg>
<status status="PASS" starttime="20210415 02:41:05.502" endtime="20210415 02:41:05.515"></status>
</kw>
<kw name="Input Text" library="SeleniumLibrary">
<doc>Types the given ``text`` into the text field identified by ``locator``.</doc>
<arguments>
<arg>${FirstNamePlaceholder}</arg>
<arg>a</arg>
</arguments>
<msg timestamp="20210415 02:41:05.516" level="INFO">Typing text 'a' into text field '//*[@id="firstname"]'.</msg>
<status status="PASS" starttime="20210415 02:41:05.516" endtime="20210415 02:41:05.607"></status>
</kw>
<kw name="Input Text" library="SeleniumLibrary">
<doc>Types the given ``text`` into the text field identified by ``locator``.</doc>
<arguments>
<arg>${LastNamePlaceholder}</arg>
<arg>b</arg>
</arguments>
<msg timestamp="20210415 02:41:05.608" level="INFO">Typing text 'b' into text field '//*[@id="lastname"]'.</msg>
<status status="PASS" starttime="20210415 02:41:05.608" endtime="20210415 02:41:05.689"></status>
</kw>
<kw name="Input Text" library="SeleniumLibrary">
<doc>Types the given ``text`` into the text field identified by ``locator``.</doc>
<arguments>
<arg>${CompanyPlaceholder}</arg>
<arg>c</arg>
</arguments>
<msg timestamp="20210415 02:41:05.690" level="INFO">Typing text 'c' into text field '//*[@id="company"]'.</msg>
<status status="PASS" starttime="20210415 02:41:05.689" endtime="20210415 02:41:05.767"></status>
</kw>
<kw name="Input Text" library="SeleniumLibrary">
<doc>Types the given ``text`` into the text field identified by ``locator``.</doc>
<arguments>
<arg>${WorkEmailPlaceholder}</arg>
<arg>a</arg>
</arguments>
<msg timestamp="20210415 02:41:05.768" level="INFO">Typing text 'a' into text field '//*[@id="email"]'.</msg>
<status status="PASS" starttime="20210415 02:41:05.768" endtime="20210415 02:41:05.834"></status>
</kw>
<kw name="Input Text" library="SeleniumLibrary">
<doc>Types the given ``text`` into the text field identified by ``locator``.</doc>
<arguments>
<arg>${CreatePasswordPlaceholder}</arg>
<arg>a</arg>
</arguments>
<msg timestamp="20210415 02:41:05.835" level="INFO">Typing text 'a' into text field '//*[@id="password"]'.</msg>
<status status="PASS" starttime="20210415 02:41:05.835" endtime="20210415 02:41:05.909"></status>
</kw>
<kw name="Page Should Contain Element" library="SeleniumLibrary">
<doc>Verifies that element ``locator`` is found on the current page.</doc>
<arguments>
<arg>${FirstNameErrorLabelFor3Char}</arg>
</arguments>
<msg timestamp="20210415 02:41:05.921" level="INFO">Current page contains element '//*[@id="firstname-error" and contains(text(), 'Please enter at least 3 characters.')]'.</msg>
<status status="PASS" starttime="20210415 02:41:05.909" endtime="20210415 02:41:05.922"></status>
</kw>
<kw name="Page Should Contain Element" library="SeleniumLibrary">
<doc>Verifies that element ``locator`` is found on the current page.</doc>
<arguments>
<arg>${LastNameErrorLabelFor3Char}</arg>
</arguments>
<msg timestamp="20210415 02:41:05.932" level="INFO">Current page contains element '//*[@id="lastname-error" and contains(text(), 'Please enter at least 3 characters.')]'.</msg>
<status status="PASS" starttime="20210415 02:41:05.922" endtime="20210415 02:41:05.932"></status>
</kw>
<kw name="Page Should Contain Element" library="SeleniumLibrary">
<doc>Verifies that element ``locator`` is found on the current page.</doc>
<arguments>
<arg>${CompanyErrorLabelFor3Char}</arg>
</arguments>
<msg timestamp="20210415 02:41:05.941" level="INFO">Current page contains element '//*[@id="company-error" and contains(text(), 'Please enter at least 3 characters.')]'.</msg>
<status status="PASS" starttime="20210415 02:41:05.932" endtime="20210415 02:41:05.941"></status>
</kw>
<kw name="Page Should Contain Element" library="SeleniumLibrary">
<doc>Verifies that element ``locator`` is found on the current page.</doc>
<arguments>
<arg>${CreatePasswordErrorLabel}</arg>
</arguments>
<msg timestamp="20210415 02:41:05.948" level="INFO">Current page contains element '//*[@id="password-error" and contains(text(), 'Your password must be at least 8 characters and contain 1 number.')]'.</msg>
<status status="PASS" starttime="20210415 02:41:05.941" endtime="20210415 02:41:05.948"></status>
</kw>
<status status="PASS" starttime="20210415 02:41:05.375" endtime="20210415 02:41:05.948"></status>
</kw>
<kw name="Close Browser" library="SeleniumLibrary">
<doc>Closes the current browser.</doc>
<status status="PASS" starttime="20210415 02:41:05.948" endtime="20210415 02:41:08.090"></status>
</kw>
<status status="PASS" starttime="20210415 02:40:54.502" endtime="20210415 02:41:08.090" critical="yes"></status>
</test>
<status status="PASS" starttime="20210415 02:40:39.020" endtime="20210415 02:41:08.091"></status>
</suite>
<status status="PASS" starttime="20210415 02:40:39.017" endtime="20210415 02:41:08.093"></status>
</suite>
<status status="PASS" starttime="20210415 02:39:17.320" endtime="20210415 02:41:08.094"></status>
</suite>
<status status="PASS" starttime="20210415 02:39:17.296" endtime="20210415 02:41:08.096"></status>
</suite>
<statistics>
<total>
<stat pass="4" fail="0">Critical Tests</stat>
<stat pass="4" fail="0">All Tests</stat>
</total>
<tag>
</tag>
<suite>
<stat pass="4" fail="0" id="s1" name="RobotTest">RobotTest</stat>
<stat pass="4" fail="0" id="s1-s1" name="SevronTechTest">RobotTest.SevronTechTest</stat>
<stat pass="2" fail="0" id="s1-s1-s1" name="IncidentHazardPage">RobotTest.SevronTechTest.IncidentHazardPage</stat>
<stat pass="2" fail="0" id="s1-s1-s1-s1" name="IncidentPageTests">RobotTest.SevronTechTest.IncidentHazardPage.IncidentPageTests</stat>
<stat pass="2" fail="0" id="s1-s1-s2" name="StartPage">RobotTest.SevronTechTest.StartPage</stat>
<stat pass="2" fail="0" id="s1-s1-s2-s1" name="StartPageTests">RobotTest.SevronTechTest.StartPage.StartPageTests</stat>
</suite>
</statistics>
<errors>
</errors>
</robot>
